[35m[Appium][39m Welcome to Appium v1.22.3
[35m[Appium][39m Non-default server args:
[35m[Appium][39m   port: 55545
[35m[Appium][39m   loglevel: info
[35m[Appium][39m   tmpDir: C:\Users\Client\AppData\Local\Temp\\Katalon\Appium\Temp1659277849442
[35m[Appium][39m   chromedriverPort: 55546
[35m[Appium][39m Deprecated server args:
[35m[Appium][39m   [31m--chromedriver-port[39m => --default-capabilities
[35m[Appium][39m Default capabilities, which will be added to each request unless overridden by desired capabilities:
[35m[Appium][39m   chromedriverPort: 55546
[35m[Appium][39m Appium REST http interface listener started on 0.0.0.0:55545
[35m[HTTP][39m [37m-->[39m [37mGET[39m [37m/wd/hub/status[39m
[35m[HTTP][39m [90m{}[39m
[35m[HTTP][39m [37m<-- GET /wd/hub/status [39m[32m200[39m [90m7 ms - 68[39m
[35m[HTTP][39m [90m[39m
[35m[HTTP][39m [37m-->[39m [37mPOST[39m [37m/wd/hub/session[39m
[35m[HTTP][39m [90m{"desiredCapabilities":{"app":"C:\\Users\\Client\\Katalon Studio\\Eduwork_Portofolio\\MobileApp\\HappyDayShopping_v1.2.apk","noReset":true,"deviceName":"samsung SM-A530F (Android 9)","fullReset":false,"platform":"ANDROID","newCommandTimeout":1800,"platformVersion":"9","automationName":"uiautomator2","autoGrantPermissions":true,"platformName":"Android","udid":"5200fd45ea793599","systemPort":55544},"capabilities":{"firstMatch":[{"appium:app":"C:\\Users\\Client\\Katalon Studio\\Eduwork_Portofolio\\MobileApp\\HappyDayShopping_v1.2.apk","appium:autoGrantPermissions":true,"appium:automationName":"uiautomator2","appium:deviceName":"samsung SM-A530F (Android 9)","appium:fullReset":false,"appium:newCommandTimeout":1800,"appium:noReset":true,"platform":"ANDROID","platformName":"android","appium:platformVersion":"9","appium:systemPort":55544,"appium:udid":"5200fd45ea793599"}]}}[39m
[35m[BaseDriver][39m The following capabilities are not standard capabilities and should have an extension prefix:
[35m[BaseDriver][39m   platform
[35m[BaseDriver][39m   chromedriverPort
[35m[Appium][39m Appium v1.22.3 creating new AndroidUiautomator2Driver (v1.70.1) session
[35m[BaseDriver][39m The following capabilities were provided, but are not recognized by Appium:
[35m[BaseDriver][39m   platform
[35m[BaseDriver][39m Session created with session id: 01ec1240-3080-4a4d-8274-b4499ddcdd3f
[35m[BaseDriver][39m Using local app 'C:\Users\Client\Katalon Studio\Eduwork_Portofolio\MobileApp\HappyDayShopping_v1.2.apk'
[35m[ADB][39m Found 1 'build-tools' folders under 'C:\Users\Client\.katalon\tools\android_sdk' (newest first):
[35m[ADB][39m     C:/Users/Client/.katalon/tools/android_sdk/build-tools/29.0.3
[35m[ADB][39m Using 'adb.exe' from 'C:\Users\Client\.katalon\tools\android_sdk\platform-tools\adb.exe'
[35m[AndroidDriver][39m Retrieving device list
[35m[AndroidDriver][39m Using device: 5200fd45ea793599
[35m[ADB][39m Using 'adb.exe' from 'C:\Users\Client\.katalon\tools\android_sdk\platform-tools\adb.exe'
[35m[ADB][39m Getting device platform version
[35m[UiAutomator2][39m Relaxing hidden api policy
[35m[ADB][39m Package name: 'com.ecwid.ShopAt.HappyDayShopping'
[35m[ADB][39m Main activity name: 'com.pb.MainActivity'
[35m[ADB][39m Using 'apksigner.jar' from 'C:\Users\Client\.katalon\tools\android_sdk\build-tools\29.0.3\lib\apksigner.jar'
[35m[ADB][39m 'C:\Users\Client\AppData\Roaming\npm\node_modules\appium\node_modules\appium-uiautomator2-server\apks\appium-uiautomator2-server-v4.27.0.apk' is signed with the default certificate
[35m[ADB][39m 'C:\Users\Client\AppData\Roaming\npm\node_modules\appium\node_modules\appium-uiautomator2-server\apks\appium-uiautomator2-server-debug-androidTest.apk' is signed with the default certificate
[35m[UiAutomator2][39m Server packages are not going to be (re)installed
[35m[ADB][39m Adding packages ["io.appium.settings","io.appium.uiautomator2.server","io.appium.uiautomator2.server.test"] to Doze whitelist
[35m[ADB][39m 'C:\Users\Client\Katalon Studio\Eduwork_Portofolio\MobileApp\HappyDayShopping_v1.2.apk' is signed with a non-default certificate
[35m[UiAutomator2][39m Starting UIAutomator2 server 4.27.0
[35m[UiAutomator2][39m Using UIAutomator2 server from 'C:\Users\Client\AppData\Roaming\npm\node_modules\appium\node_modules\appium-uiautomator2-server\apks\appium-uiautomator2-server-v4.27.0.apk' and test from 'C:\Users\Client\AppData\Roaming\npm\node_modules\appium\node_modules\appium-uiautomator2-server\apks\appium-uiautomator2-server-debug-androidTest.apk'
[35m[UiAutomator2][39m Waiting up to 30000ms for UiAutomator2 to be online...
[35m[WD Proxy][39m socket hang up
[35m[WD Proxy][39m socket hang up
[35m[WD Proxy][39m socket hang up
[35m[WD Proxy][39m socket hang up
[35m[WD Proxy][39m socket hang up
[35m[WD Proxy][39m Determined the downstream protocol as 'W3C'
[35m[AndroidDriver][39m Screen already unlocked, doing nothing
[35m[UiAutomator2][39m Starting 'com.ecwid.ShopAt.HappyDayShopping/com.pb.MainActivity and waiting for 'com.ecwid.ShopAt.HappyDayShopping/com.pb.MainActivity'
[35m[Appium][39m New AndroidUiautomator2Driver session created successfully, session 01ec1240-3080-4a4d-8274-b4499ddcdd3f added to master session list
[35m[HTTP][39m [37m<-- POST /wd/hub/session [39m[32m200[39m [90m13004 ms - 1364[39m
[35m[HTTP][39m [90m[39m
[35m[HTTP][39m [37m-->[39m [37mGET[39m [37m/wd/hub/session/01ec1240-3080-4a4d-8274-b4499ddcdd3f[39m
[35m[HTTP][39m [90m{}[39m
[35m[HTTP][39m [37m<-- GET /wd/hub/session/01ec1240-3080-4a4d-8274-b4499ddcdd3f [39m[32m200[39m [90m29 ms - 1318[39m
[35m[HTTP][39m [90m[39m
[35m[HTTP][39m [37m-->[39m [37mGET[39m [37m/wd/hub/session/01ec1240-3080-4a4d-8274-b4499ddcdd3f[39m
[35m[HTTP][39m [90m{}[39m
[35m[HTTP][39m [37m<-- GET /wd/hub/session/01ec1240-3080-4a4d-8274-b4499ddcdd3f [39m[32m200[39m [90m47 ms - 1318[39m
[35m[HTTP][39m [90m[39m
[35m[HTTP][39m [37m-->[39m [37mGET[39m [37m/wd/hub/status[39m
[35m[HTTP][39m [90m{}[39m
[35m[HTTP][39m [37m<-- GET /wd/hub/status [39m[32m200[39m [90m1 ms - 68[39m
[35m[HTTP][39m [90m[39m
[35m[HTTP][39m [37m-->[39m [37mPOST[39m [37m/wd/hub/session/01ec1240-3080-4a4d-8274-b4499ddcdd3f/timeouts[39m
[35m[HTTP][39m [90m{"implicit":30000}[39m
[35m[HTTP][39m [37m<-- POST /wd/hub/session/01ec1240-3080-4a4d-8274-b4499ddcdd3f/timeouts [39m[32m200[39m [90m2 ms - 14[39m
[35m[HTTP][39m [90m[39m
[35m[HTTP][39m [37m-->[39m [37mGET[39m [37m/wd/hub/session/01ec1240-3080-4a4d-8274-b4499ddcdd3f/screenshot[39m
[35m[HTTP][39m [90m{}[39m
[35m[HTTP][39m [37m<-- GET /wd/hub/session/01ec1240-3080-4a4d-8274-b4499ddcdd3f/screenshot [39m[32m200[39m [90m905 ms - 234802[39m
[35m[HTTP][39m [90m[39m
[35m[HTTP][39m [37m-->[39m [37mGET[39m [37m/wd/hub/session/01ec1240-3080-4a4d-8274-b4499ddcdd3f/window/rect[39m
[35m[HTTP][39m [90m{}[39m
[35m[HTTP][39m [37m<-- GET /wd/hub/session/01ec1240-3080-4a4d-8274-b4499ddcdd3f/window/rect [39m[32m200[39m [90m59 ms - 50[39m
[35m[HTTP][39m [90m[39m
[35m[HTTP][39m [37m-->[39m [37mGET[39m [37m/wd/hub/session/01ec1240-3080-4a4d-8274-b4499ddcdd3f/appium/device/system_bars[39m
[35m[HTTP][39m [90m{}[39m
[35m[HTTP][39m [37m<-- GET /wd/hub/session/01ec1240-3080-4a4d-8274-b4499ddcdd3f/appium/device/system_bars [39m[32m200[39m [90m277 ms - 148[39m
[35m[HTTP][39m [90m[39m
[35m[HTTP][39m [37m-->[39m [37mPOST[39m [37m/wd/hub/session/01ec1240-3080-4a4d-8274-b4499ddcdd3f/timeouts[39m
[35m[HTTP][39m [90m{"implicit":50}[39m
[35m[HTTP][39m [37m<-- POST /wd/hub/session/01ec1240-3080-4a4d-8274-b4499ddcdd3f/timeouts [39m[32m200[39m [90m3 ms - 14[39m
[35m[HTTP][39m [90m[39m
[35m[HTTP][39m [37m-->[39m [37mGET[39m [37m/wd/hub/session/01ec1240-3080-4a4d-8274-b4499ddcdd3f/window/rect[39m
[35m[HTTP][39m [90m{}[39m
[35m[HTTP][39m [37m<-- GET /wd/hub/session/01ec1240-3080-4a4d-8274-b4499ddcdd3f/window/rect [39m[32m200[39m [90m58 ms - 50[39m
[35m[HTTP][39m [90m[39m
[35m[HTTP][39m [37m-->[39m [37mPOST[39m [37m/wd/hub/session/01ec1240-3080-4a4d-8274-b4499ddcdd3f/elements[39m
[35m[HTTP][39m [90m{"using":"xpath","value":"//hierarchy/android.widget.FrameLayout[1]/android.widget.LinearLayout[1]/android.widget.FrameLayout[1]/android.widget.LinearLayout[1]/android.widget.FrameLayout[1]/android.widget.FrameLayout[1]/android.view.ViewGroup[1]/android.view.ViewGroup[2]/android.view.ViewGroup[2]/android.view.ViewGroup[1]/android.widget.ImageView[1]"}[39m
[35m[HTTP][39m [37m<-- POST /wd/hub/session/01ec1240-3080-4a4d-8274-b4499ddcdd3f/elements [39m[32m200[39m [90m2168 ms - 139[39m
[35m[HTTP][39m [90m[39m
[35m[HTTP][39m [37m-->[39m [37mGET[39m [37m/wd/hub/session/01ec1240-3080-4a4d-8274-b4499ddcdd3f/element/00000000-0000-0395-ffff-ffff000000ed/location[39m
[35m[HTTP][39m [90m{}[39m
[35m[W3C (01ec1240)][39m Driver proxy active, passing request on via HTTP proxy
[35m[WD Proxy][39m Replacing sessionId 8dc96bbb-1967-45d0-b98b-3063da5d00a7 with 01ec1240-3080-4a4d-8274-b4499ddcdd3f
[35m[HTTP][39m [37m<-- GET /wd/hub/session/01ec1240-3080-4a4d-8274-b4499ddcdd3f/element/00000000-0000-0395-ffff-ffff000000ed/location [39m[32m200[39m [90m53 ms - 78[39m
[35m[HTTP][39m [90m[39m
[35m[HTTP][39m [37m-->[39m [37mPOST[39m [37m/wd/hub/session/01ec1240-3080-4a4d-8274-b4499ddcdd3f/timeouts[39m
[35m[HTTP][39m [90m{"implicit":30000}[39m
[35m[HTTP][39m [37m<-- POST /wd/hub/session/01ec1240-3080-4a4d-8274-b4499ddcdd3f/timeouts [39m[32m200[39m [90m2 ms - 14[39m
[35m[HTTP][39m [90m[39m
[35m[HTTP][39m [37m-->[39m [37mPOST[39m [37m/wd/hub/session/01ec1240-3080-4a4d-8274-b4499ddcdd3f/element/00000000-0000-0395-ffff-ffff000000ed/click[39m
[35m[HTTP][39m [90m{"id":"00000000-0000-0395-ffff-ffff000000ed"}[39m
[35m[HTTP][39m [37m<-- POST /wd/hub/session/01ec1240-3080-4a4d-8274-b4499ddcdd3f/element/00000000-0000-0395-ffff-ffff000000ed/click [39m[32m200[39m [90m77 ms - 14[39m
[35m[HTTP][39m [90m[39m
[35m[HTTP][39m [37m-->[39m [37mPOST[39m [37m/wd/hub/session/01ec1240-3080-4a4d-8274-b4499ddcdd3f/timeouts[39m
[35m[HTTP][39m [90m{"implicit":50}[39m
[35m[HTTP][39m [37m<-- POST /wd/hub/session/01ec1240-3080-4a4d-8274-b4499ddcdd3f/timeouts [39m[32m200[39m [90m1 ms - 14[39m
[35m[HTTP][39m [90m[39m
[35m[HTTP][39m [37m-->[39m [37mGET[39m [37m/wd/hub/session/01ec1240-3080-4a4d-8274-b4499ddcdd3f/window/rect[39m
[35m[HTTP][39m [90m{}[39m
[35m[HTTP][39m [37m<-- GET /wd/hub/session/01ec1240-3080-4a4d-8274-b4499ddcdd3f/window/rect [39m[32m200[39m [90m42 ms - 50[39m
[35m[HTTP][39m [90m[39m
[35m[HTTP][39m [37m-->[39m [37mPOST[39m [37m/wd/hub/session/01ec1240-3080-4a4d-8274-b4499ddcdd3f/elements[39m
[35m[HTTP][39m [90m{"using":"xpath","value":"//*[@class = 'android.widget.TextView' and (@text = 'Electronics' or . = 'Electronics')]"}[39m
[35m[HTTP][39m [37m<-- POST /wd/hub/session/01ec1240-3080-4a4d-8274-b4499ddcdd3f/elements [39m[32m200[39m [90m1764 ms - 139[39m
[35m[HTTP][39m [90m[39m
[35m[HTTP][39m [37m-->[39m [37mGET[39m [37m/wd/hub/session/01ec1240-3080-4a4d-8274-b4499ddcdd3f/element/00000000-0000-0395-ffff-ffff00000101/location[39m
[35m[HTTP][39m [90m{}[39m
[35m[W3C (01ec1240)][39m Driver proxy active, passing request on via HTTP proxy
[35m[WD Proxy][39m Replacing sessionId 8dc96bbb-1967-45d0-b98b-3063da5d00a7 with 01ec1240-3080-4a4d-8274-b4499ddcdd3f
[35m[HTTP][39m [37m<-- GET /wd/hub/session/01ec1240-3080-4a4d-8274-b4499ddcdd3f/element/00000000-0000-0395-ffff-ffff00000101/location [39m[32m200[39m [90m70 ms - 77[39m
[35m[HTTP][39m [90m[39m
[35m[HTTP][39m [37m-->[39m [37mPOST[39m [37m/wd/hub/session/01ec1240-3080-4a4d-8274-b4499ddcdd3f/timeouts[39m
[35m[HTTP][39m [90m{"implicit":30000}[39m
[35m[HTTP][39m [37m<-- POST /wd/hub/session/01ec1240-3080-4a4d-8274-b4499ddcdd3f/timeouts [39m[32m200[39m [90m2 ms - 14[39m
[35m[HTTP][39m [90m[39m
[35m[HTTP][39m [37m-->[39m [37mPOST[39m [37m/wd/hub/session/01ec1240-3080-4a4d-8274-b4499ddcdd3f/element/00000000-0000-0395-ffff-ffff00000101/click[39m
[35m[HTTP][39m [90m{"id":"00000000-0000-0395-ffff-ffff00000101"}[39m
[35m[HTTP][39m [37m<-- POST /wd/hub/session/01ec1240-3080-4a4d-8274-b4499ddcdd3f/element/00000000-0000-0395-ffff-ffff00000101/click [39m[32m200[39m [90m82 ms - 14[39m
[35m[HTTP][39m [90m[39m
[35m[HTTP][39m [37m-->[39m [37mPOST[39m [37m/wd/hub/session/01ec1240-3080-4a4d-8274-b4499ddcdd3f/timeouts[39m
[35m[HTTP][39m [90m{"implicit":50}[39m
[35m[HTTP][39m [37m<-- POST /wd/hub/session/01ec1240-3080-4a4d-8274-b4499ddcdd3f/timeouts [39m[32m200[39m [90m1 ms - 14[39m
[35m[HTTP][39m [90m[39m
[35m[HTTP][39m [37m-->[39m [37mGET[39m [37m/wd/hub/session/01ec1240-3080-4a4d-8274-b4499ddcdd3f/window/rect[39m
[35m[HTTP][39m [90m{}[39m
[35m[HTTP][39m [37m<-- GET /wd/hub/session/01ec1240-3080-4a4d-8274-b4499ddcdd3f/window/rect [39m[32m200[39m [90m53 ms - 50[39m
[35m[HTTP][39m [90m[39m
[35m[HTTP][39m [37m-->[39m [37mPOST[39m [37m/wd/hub/session/01ec1240-3080-4a4d-8274-b4499ddcdd3f/elements[39m
[35m[HTTP][39m [90m{"using":"xpath","value":"//*[@class = 'android.widget.TextView' and (@text = 'Armilite Torch and Emergency Light' or . = 'Armilite Torch and Emergency Light')]"}[39m
[35m[HTTP][39m [37m<-- POST /wd/hub/session/01ec1240-3080-4a4d-8274-b4499ddcdd3f/elements [39m[32m200[39m [90m432 ms - 12[39m
[35m[HTTP][39m [90m[39m
[35m[HTTP][39m [37m-->[39m [37mPOST[39m [37m/wd/hub/session/01ec1240-3080-4a4d-8274-b4499ddcdd3f/elements[39m
[35m[HTTP][39m [90m{"using":"xpath","value":"//*[@class = 'android.widget.TextView' and (@text = 'Armilite Torch and Emergency Light' or . = 'Armilite Torch and Emergency Light')]"}[39m
[35m[HTTP][39m [37m<-- POST /wd/hub/session/01ec1240-3080-4a4d-8274-b4499ddcdd3f/elements [39m[32m200[39m [90m367 ms - 12[39m
[35m[HTTP][39m [90m[39m
[35m[HTTP][39m [37m-->[39m [37mPOST[39m [37m/wd/hub/session/01ec1240-3080-4a4d-8274-b4499ddcdd3f/elements[39m
[35m[HTTP][39m [90m{"using":"xpath","value":"//*[@class = 'android.widget.TextView' and (@text = 'Armilite Torch and Emergency Light' or . = 'Armilite Torch and Emergency Light')]"}[39m
[35m[HTTP][39m [37m<-- POST /wd/hub/session/01ec1240-3080-4a4d-8274-b4499ddcdd3f/elements [39m[32m200[39m [90m383 ms - 12[39m
[35m[HTTP][39m [90m[39m
[35m[HTTP][39m [37m-->[39m [37mPOST[39m [37m/wd/hub/session/01ec1240-3080-4a4d-8274-b4499ddcdd3f/elements[39m
[35m[HTTP][39m [90m{"using":"xpath","value":"//*[@class = 'android.widget.TextView' and (@text = 'Armilite Torch and Emergency Light' or . = 'Armilite Torch and Emergency Light')]"}[39m
[35m[HTTP][39m [37m<-- POST /wd/hub/session/01ec1240-3080-4a4d-8274-b4499ddcdd3f/elements [39m[32m200[39m [90m329 ms - 12[39m
[35m[HTTP][39m [90m[39m
[35m[HTTP][39m [37m-->[39m [37mPOST[39m [37m/wd/hub/session/01ec1240-3080-4a4d-8274-b4499ddcdd3f/elements[39m
[35m[HTTP][39m [90m{"using":"xpath","value":"//*[@class = 'android.widget.TextView' and (@text = 'Armilite Torch and Emergency Light' or . = 'Armilite Torch and Emergency Light')]"}[39m
[35m[HTTP][39m [37m<-- POST /wd/hub/session/01ec1240-3080-4a4d-8274-b4499ddcdd3f/elements [39m[32m200[39m [90m351 ms - 12[39m
[35m[HTTP][39m [90m[39m
[35m[HTTP][39m [37m-->[39m [37mPOST[39m [37m/wd/hub/session/01ec1240-3080-4a4d-8274-b4499ddcdd3f/elements[39m
[35m[HTTP][39m [90m{"using":"xpath","value":"//*[@class = 'android.widget.TextView' and (@text = 'Armilite Torch and Emergency Light' or . = 'Armilite Torch and Emergency Light')]"}[39m
[35m[HTTP][39m [37m<-- POST /wd/hub/session/01ec1240-3080-4a4d-8274-b4499ddcdd3f/elements [39m[32m200[39m [90m3092 ms - 139[39m
[35m[HTTP][39m [90m[39m
[35m[HTTP][39m [37m-->[39m [37mGET[39m [37m/wd/hub/session/01ec1240-3080-4a4d-8274-b4499ddcdd3f/element/00000000-0000-0395-ffff-ffff0000013c/location[39m
[35m[HTTP][39m [90m{}[39m
[35m[W3C (01ec1240)][39m Driver proxy active, passing request on via HTTP proxy
[35m[WD Proxy][39m Replacing sessionId 8dc96bbb-1967-45d0-b98b-3063da5d00a7 with 01ec1240-3080-4a4d-8274-b4499ddcdd3f
[35m[HTTP][39m [37m<-- GET /wd/hub/session/01ec1240-3080-4a4d-8274-b4499ddcdd3f/element/00000000-0000-0395-ffff-ffff0000013c/location [39m[32m200[39m [90m778 ms - 77[39m
[35m[HTTP][39m [90m[39m
[35m[HTTP][39m [37m-->[39m [37mPOST[39m [37m/wd/hub/session/01ec1240-3080-4a4d-8274-b4499ddcdd3f/timeouts[39m
[35m[HTTP][39m [90m{"implicit":30000}[39m
[35m[HTTP][39m [37m<-- POST /wd/hub/session/01ec1240-3080-4a4d-8274-b4499ddcdd3f/timeouts [39m[32m200[39m [90m2 ms - 14[39m
[35m[HTTP][39m [90m[39m
[35m[HTTP][39m [37m-->[39m [37mPOST[39m [37m/wd/hub/session/01ec1240-3080-4a4d-8274-b4499ddcdd3f/element/00000000-0000-0395-ffff-ffff0000013c/click[39m
[35m[HTTP][39m [90m{"id":"00000000-0000-0395-ffff-ffff0000013c"}[39m
[35m[HTTP][39m [37m<-- POST /wd/hub/session/01ec1240-3080-4a4d-8274-b4499ddcdd3f/element/00000000-0000-0395-ffff-ffff0000013c/click [39m[32m200[39m [90m85 ms - 14[39m
[35m[HTTP][39m [90m[39m
[35m[HTTP][39m [37m-->[39m [37mPOST[39m [37m/wd/hub/session/01ec1240-3080-4a4d-8274-b4499ddcdd3f/timeouts[39m
[35m[HTTP][39m [90m{"implicit":50}[39m
[35m[HTTP][39m [37m<-- POST /wd/hub/session/01ec1240-3080-4a4d-8274-b4499ddcdd3f/timeouts [39m[32m200[39m [90m1 ms - 14[39m
[35m[HTTP][39m [90m[39m
[35m[HTTP][39m [37m-->[39m [37mGET[39m [37m/wd/hub/session/01ec1240-3080-4a4d-8274-b4499ddcdd3f/window/rect[39m
[35m[HTTP][39m [90m{}[39m
[35m[HTTP][39m [37m<-- GET /wd/hub/session/01ec1240-3080-4a4d-8274-b4499ddcdd3f/window/rect [39m[32m200[39m [90m48 ms - 50[39m
[35m[HTTP][39m [90m[39m
[35m[HTTP][39m [37m-->[39m [37mPOST[39m [37m/wd/hub/session/01ec1240-3080-4a4d-8274-b4499ddcdd3f/elements[39m
[35m[HTTP][39m [90m{"using":"xpath","value":"//*[@class = 'android.widget.TextView' and (@text = 'Add to Bag' or . = 'Add to Bag')]"}[39m
[35m[HTTP][39m [37m<-- POST /wd/hub/session/01ec1240-3080-4a4d-8274-b4499ddcdd3f/elements [39m[32m200[39m [90m621 ms - 12[39m
[35m[HTTP][39m [90m[39m
[35m[HTTP][39m [37m-->[39m [37mPOST[39m [37m/wd/hub/session/01ec1240-3080-4a4d-8274-b4499ddcdd3f/elements[39m
[35m[HTTP][39m [90m{"using":"xpath","value":"//*[@class = 'android.widget.TextView' and (@text = 'Add to Bag' or . = 'Add to Bag')]"}[39m
[35m[HTTP][39m [37m<-- POST /wd/hub/session/01ec1240-3080-4a4d-8274-b4499ddcdd3f/elements [39m[32m200[39m [90m766 ms - 12[39m
[35m[HTTP][39m [90m[39m
[35m[HTTP][39m [37m-->[39m [37mPOST[39m [37m/wd/hub/session/01ec1240-3080-4a4d-8274-b4499ddcdd3f/elements[39m
[35m[HTTP][39m [90m{"using":"xpath","value":"//*[@class = 'android.widget.TextView' and (@text = 'Add to Bag' or . = 'Add to Bag')]"}[39m
[35m[HTTP][39m [37m<-- POST /wd/hub/session/01ec1240-3080-4a4d-8274-b4499ddcdd3f/elements [39m[32m200[39m [90m312 ms - 12[39m
[35m[HTTP][39m [90m[39m
[35m[HTTP][39m [37m-->[39m [37mPOST[39m [37m/wd/hub/session/01ec1240-3080-4a4d-8274-b4499ddcdd3f/elements[39m
[35m[HTTP][39m [90m{"using":"xpath","value":"//*[@class = 'android.widget.TextView' and (@text = 'Add to Bag' or . = 'Add to Bag')]"}[39m
[35m[HTTP][39m [37m<-- POST /wd/hub/session/01ec1240-3080-4a4d-8274-b4499ddcdd3f/elements [39m[32m200[39m [90m319 ms - 12[39m
[35m[HTTP][39m [90m[39m
[35m[HTTP][39m [37m-->[39m [37mPOST[39m [37m/wd/hub/session/01ec1240-3080-4a4d-8274-b4499ddcdd3f/elements[39m
[35m[HTTP][39m [90m{"using":"xpath","value":"//*[@class = 'android.widget.TextView' and (@text = 'Add to Bag' or . = 'Add to Bag')]"}[39m
[35m[HTTP][39m [37m<-- POST /wd/hub/session/01ec1240-3080-4a4d-8274-b4499ddcdd3f/elements [39m[32m200[39m [90m313 ms - 12[39m
[35m[HTTP][39m [90m[39m
[35m[HTTP][39m [37m-->[39m [37mPOST[39m [37m/wd/hub/session/01ec1240-3080-4a4d-8274-b4499ddcdd3f/elements[39m
[35m[HTTP][39m [90m{"using":"xpath","value":"//*[@class = 'android.widget.TextView' and (@text = 'Add to Bag' or . = 'Add to Bag')]"}[39m
[35m[HTTP][39m [37m<-- POST /wd/hub/session/01ec1240-3080-4a4d-8274-b4499ddcdd3f/elements [39m[32m200[39m [90m281 ms - 12[39m
[35m[HTTP][39m [90m[39m
[35m[HTTP][39m [37m-->[39m [37mPOST[39m [37m/wd/hub/session/01ec1240-3080-4a4d-8274-b4499ddcdd3f/elements[39m
[35m[HTTP][39m [90m{"using":"xpath","value":"//*[@class = 'android.widget.TextView' and (@text = 'Add to Bag' or . = 'Add to Bag')]"}[39m
[35m[HTTP][39m [37m<-- POST /wd/hub/session/01ec1240-3080-4a4d-8274-b4499ddcdd3f/elements [39m[32m200[39m [90m328 ms - 12[39m
[35m[HTTP][39m [90m[39m
[35m[HTTP][39m [37m-->[39m [37mPOST[39m [37m/wd/hub/session/01ec1240-3080-4a4d-8274-b4499ddcdd3f/elements[39m
[35m[HTTP][39m [90m{"using":"xpath","value":"//*[@class = 'android.widget.TextView' and (@text = 'Add to Bag' or . = 'Add to Bag')]"}[39m
[35m[HTTP][39m [37m<-- POST /wd/hub/session/01ec1240-3080-4a4d-8274-b4499ddcdd3f/elements [39m[32m200[39m [90m700 ms - 12[39m
[35m[HTTP][39m [90m[39m
[35m[HTTP][39m [37m-->[39m [37mPOST[39m [37m/wd/hub/session/01ec1240-3080-4a4d-8274-b4499ddcdd3f/elements[39m
[35m[HTTP][39m [90m{"using":"xpath","value":"//*[@class = 'android.widget.TextView' and (@text = 'Add to Bag' or . = 'Add to Bag')]"}[39m
[35m[HTTP][39m [37m<-- POST /wd/hub/session/01ec1240-3080-4a4d-8274-b4499ddcdd3f/elements [39m[32m200[39m [90m294 ms - 12[39m
[35m[HTTP][39m [90m[39m
[35m[HTTP][39m [37m-->[39m [37mPOST[39m [37m/wd/hub/session/01ec1240-3080-4a4d-8274-b4499ddcdd3f/elements[39m
[35m[HTTP][39m [90m{"using":"xpath","value":"//*[@class = 'android.widget.TextView' and (@text = 'Add to Bag' or . = 'Add to Bag')]"}[39m
[35m[HTTP][39m [37m<-- POST /wd/hub/session/01ec1240-3080-4a4d-8274-b4499ddcdd3f/elements [39m[32m200[39m [90m264 ms - 12[39m
[35m[HTTP][39m [90m[39m
[35m[HTTP][39m [37m-->[39m [37mPOST[39m [37m/wd/hub/session/01ec1240-3080-4a4d-8274-b4499ddcdd3f/elements[39m
[35m[HTTP][39m [90m{"using":"xpath","value":"//*[@class = 'android.widget.TextView' and (@text = 'Add to Bag' or . = 'Add to Bag')]"}[39m
[35m[HTTP][39m [37m<-- POST /wd/hub/session/01ec1240-3080-4a4d-8274-b4499ddcdd3f/elements [39m[32m200[39m [90m269 ms - 12[39m
[35m[HTTP][39m [90m[39m
[35m[HTTP][39m [37m-->[39m [37mPOST[39m [37m/wd/hub/session/01ec1240-3080-4a4d-8274-b4499ddcdd3f/elements[39m
[35m[HTTP][39m [90m{"using":"xpath","value":"//*[@class = 'android.widget.TextView' and (@text = 'Add to Bag' or . = 'Add to Bag')]"}[39m
[35m[HTTP][39m [37m<-- POST /wd/hub/session/01ec1240-3080-4a4d-8274-b4499ddcdd3f/elements [39m[32m200[39m [90m249 ms - 12[39m
[35m[HTTP][39m [90m[39m
[35m[HTTP][39m [37m-->[39m [37mPOST[39m [37m/wd/hub/session/01ec1240-3080-4a4d-8274-b4499ddcdd3f/elements[39m
[35m[HTTP][39m [90m{"using":"xpath","value":"//*[@class = 'android.widget.TextView' and (@text = 'Add to Bag' or . = 'Add to Bag')]"}[39m
[35m[HTTP][39m [37m<-- POST /wd/hub/session/01ec1240-3080-4a4d-8274-b4499ddcdd3f/elements [39m[32m200[39m [90m283 ms - 12[39m
[35m[HTTP][39m [90m[39m
[35m[HTTP][39m [37m-->[39m [37mPOST[39m [37m/wd/hub/session/01ec1240-3080-4a4d-8274-b4499ddcdd3f/elements[39m
[35m[HTTP][39m [90m{"using":"xpath","value":"//*[@class = 'android.widget.TextView' and (@text = 'Add to Bag' or . = 'Add to Bag')]"}[39m
[35m[HTTP][39m [37m<-- POST /wd/hub/session/01ec1240-3080-4a4d-8274-b4499ddcdd3f/elements [39m[32m200[39m [90m233 ms - 12[39m
[35m[HTTP][39m [90m[39m
[35m[HTTP][39m [37m-->[39m [37mPOST[39m [37m/wd/hub/session/01ec1240-3080-4a4d-8274-b4499ddcdd3f/elements[39m
[35m[HTTP][39m [90m{"using":"xpath","value":"//*[@class = 'android.widget.TextView' and (@text = 'Add to Bag' or . = 'Add to Bag')]"}[39m
[35m[HTTP][39m [37m<-- POST /wd/hub/session/01ec1240-3080-4a4d-8274-b4499ddcdd3f/elements [39m[32m200[39m [90m265 ms - 12[39m
[35m[HTTP][39m [90m[39m
[35m[HTTP][39m [37m-->[39m [37mPOST[39m [37m/wd/hub/session/01ec1240-3080-4a4d-8274-b4499ddcdd3f/elements[39m
[35m[HTTP][39m [90m{"using":"xpath","value":"//*[@class = 'android.widget.TextView' and (@text = 'Add to Bag' or . = 'Add to Bag')]"}[39m
[35m[HTTP][39m [37m<-- POST /wd/hub/session/01ec1240-3080-4a4d-8274-b4499ddcdd3f/elements [39m[32m200[39m [90m241 ms - 12[39m
[35m[HTTP][39m [90m[39m
[35m[HTTP][39m [37m-->[39m [37mPOST[39m [37m/wd/hub/session/01ec1240-3080-4a4d-8274-b4499ddcdd3f/elements[39m
[35m[HTTP][39m [90m{"using":"xpath","value":"//*[@class = 'android.widget.TextView' and (@text = 'Add to Bag' or . = 'Add to Bag')]"}[39m
[35m[HTTP][39m [37m<-- POST /wd/hub/session/01ec1240-3080-4a4d-8274-b4499ddcdd3f/elements [39m[32m200[39m [90m231 ms - 12[39m
[35m[HTTP][39m [90m[39m
[35m[HTTP][39m [37m-->[39m [37mPOST[39m [37m/wd/hub/session/01ec1240-3080-4a4d-8274-b4499ddcdd3f/elements[39m
[35m[HTTP][39m [90m{"using":"xpath","value":"//*[@class = 'android.widget.TextView' and (@text = 'Add to Bag' or . = 'Add to Bag')]"}[39m
[35m[HTTP][39m [37m<-- POST /wd/hub/session/01ec1240-3080-4a4d-8274-b4499ddcdd3f/elements [39m[32m200[39m [90m236 ms - 12[39m
[35m[HTTP][39m [90m[39m
[35m[HTTP][39m [37m-->[39m [37mPOST[39m [37m/wd/hub/session/01ec1240-3080-4a4d-8274-b4499ddcdd3f/elements[39m
[35m[HTTP][39m [90m{"using":"xpath","value":"//*[@class = 'android.widget.TextView' and (@text = 'Add to Bag' or . = 'Add to Bag')]"}[39m
[35m[HTTP][39m [37m<-- POST /wd/hub/session/01ec1240-3080-4a4d-8274-b4499ddcdd3f/elements [39m[32m200[39m [90m246 ms - 12[39m
[35m[HTTP][39m [90m[39m
[35m[HTTP][39m [37m-->[39m [37mPOST[39m [37m/wd/hub/session/01ec1240-3080-4a4d-8274-b4499ddcdd3f/elements[39m
[35m[HTTP][39m [90m{"using":"xpath","value":"//*[@class = 'android.widget.TextView' and (@text = 'Add to Bag' or . = 'Add to Bag')]"}[39m
[35m[HTTP][39m [37m<-- POST /wd/hub/session/01ec1240-3080-4a4d-8274-b4499ddcdd3f/elements [39m[32m200[39m [90m245 ms - 12[39m
[35m[HTTP][39m [90m[39m
[35m[HTTP][39m [37m-->[39m [37mPOST[39m [37m/wd/hub/session/01ec1240-3080-4a4d-8274-b4499ddcdd3f/elements[39m
[35m[HTTP][39m [90m{"using":"xpath","value":"//*[@class = 'android.widget.TextView' and (@text = 'Add to Bag' or . = 'Add to Bag')]"}[39m
[35m[HTTP][39m [37m<-- POST /wd/hub/session/01ec1240-3080-4a4d-8274-b4499ddcdd3f/elements [39m[32m200[39m [90m232 ms - 12[39m
[35m[HTTP][39m [90m[39m
[35m[HTTP][39m [37m-->[39m [37mPOST[39m [37m/wd/hub/session/01ec1240-3080-4a4d-8274-b4499ddcdd3f/elements[39m
[35m[HTTP][39m [90m{"using":"xpath","value":"//*[@class = 'android.widget.TextView' and (@text = 'Add to Bag' or . = 'Add to Bag')]"}[39m
[35m[HTTP][39m [37m<-- POST /wd/hub/session/01ec1240-3080-4a4d-8274-b4499ddcdd3f/elements [39m[32m200[39m [90m269 ms - 12[39m
[35m[HTTP][39m [90m[39m
[35m[HTTP][39m [37m-->[39m [37mPOST[39m [37m/wd/hub/session/01ec1240-3080-4a4d-8274-b4499ddcdd3f/elements[39m
[35m[HTTP][39m [90m{"using":"xpath","value":"//*[@class = 'android.widget.TextView' and (@text = 'Add to Bag' or . = 'Add to Bag')]"}[39m
[35m[HTTP][39m [37m<-- POST /wd/hub/session/01ec1240-3080-4a4d-8274-b4499ddcdd3f/elements [39m[32m200[39m [90m233 ms - 12[39m
[35m[HTTP][39m [90m[39m
[35m[HTTP][39m [37m-->[39m [37mPOST[39m [37m/wd/hub/session/01ec1240-3080-4a4d-8274-b4499ddcdd3f/elements[39m
[35m[HTTP][39m [90m{"using":"xpath","value":"//*[@class = 'android.widget.TextView' and (@text = 'Add to Bag' or . = 'Add to Bag')]"}[39m
[35m[HTTP][39m [37m<-- POST /wd/hub/session/01ec1240-3080-4a4d-8274-b4499ddcdd3f/elements [39m[32m200[39m [90m234 ms - 12[39m
[35m[HTTP][39m [90m[39m
[35m[HTTP][39m [37m-->[39m [37mPOST[39m [37m/wd/hub/session/01ec1240-3080-4a4d-8274-b4499ddcdd3f/elements[39m
[35m[HTTP][39m [90m{"using":"xpath","value":"//*[@class = 'android.widget.TextView' and (@text = 'Add to Bag' or . = 'Add to Bag')]"}[39m
[35m[HTTP][39m [37m<-- POST /wd/hub/session/01ec1240-3080-4a4d-8274-b4499ddcdd3f/elements [39m[32m200[39m [90m225 ms - 12[39m
[35m[HTTP][39m [90m[39m
[35m[HTTP][39m [37m-->[39m [37mPOST[39m [37m/wd/hub/session/01ec1240-3080-4a4d-8274-b4499ddcdd3f/elements[39m
[35m[HTTP][39m [90m{"using":"xpath","value":"//*[@class = 'android.widget.TextView' and (@text = 'Add to Bag' or . = 'Add to Bag')]"}[39m
[35m[HTTP][39m [37m<-- POST /wd/hub/session/01ec1240-3080-4a4d-8274-b4499ddcdd3f/elements [39m[32m200[39m [90m231 ms - 12[39m
[35m[HTTP][39m [90m[39m
[35m[HTTP][39m [37m-->[39m [37mPOST[39m [37m/wd/hub/session/01ec1240-3080-4a4d-8274-b4499ddcdd3f/elements[39m
[35m[HTTP][39m [90m{"using":"xpath","value":"//*[@class = 'android.widget.TextView' and (@text = 'Add to Bag' or . = 'Add to Bag')]"}[39m
[35m[HTTP][39m [37m<-- POST /wd/hub/session/01ec1240-3080-4a4d-8274-b4499ddcdd3f/elements [39m[32m200[39m [90m249 ms - 12[39m
[35m[HTTP][39m [90m[39m
[35m[HTTP][39m [37m-->[39m [37mPOST[39m [37m/wd/hub/session/01ec1240-3080-4a4d-8274-b4499ddcdd3f/elements[39m
[35m[HTTP][39m [90m{"using":"xpath","value":"//*[@class = 'android.widget.TextView' and (@text = 'Add to Bag' or . = 'Add to Bag')]"}[39m
[35m[HTTP][39m [37m<-- POST /wd/hub/session/01ec1240-3080-4a4d-8274-b4499ddcdd3f/elements [39m[32m200[39m [90m223 ms - 12[39m
[35m[HTTP][39m [90m[39m
[35m[HTTP][39m [37m-->[39m [37mPOST[39m [37m/wd/hub/session/01ec1240-3080-4a4d-8274-b4499ddcdd3f/elements[39m
[35m[HTTP][39m [90m{"using":"xpath","value":"//*[@class = 'android.widget.TextView' and (@text = 'Add to Bag' or . = 'Add to Bag')]"}[39m
[35m[HTTP][39m [37m<-- POST /wd/hub/session/01ec1240-3080-4a4d-8274-b4499ddcdd3f/elements [39m[32m-[39m [90m- ms - -[39m
[35m[HTTP][39m [90m[39m
[35m[BaseDriver][39m Shutting down because we waited 1800 seconds for a command
[35m[Appium][39m Closing session, cause was 'New Command Timeout of 1800 seconds expired. Try customizing the timeout using the 'newCommandTimeout' desired capability'
[35m[Appium][39m Removing session '01ec1240-3080-4a4d-8274-b4499ddcdd3f' from our master session list
[35m[UiAutomator2][39m Did not get confirmation UiAutomator2 deleteSession worked; Error was: UnknownError: An unknown server-side error occurred while processing the command. Original error: 'DELETE /' cannot be proxied to UiAutomator2 server because the instrumentation process is not running (probably crashed). Check the server log and/or the logcat output for more details
[35m[UiAutomator2][39m Restoring hidden api policy to the device default configuration
