[35m[Appium][39m Welcome to Appium v1.22.3
[35m[Appium][39m Non-default server args:
[35m[Appium][39m   port: 61854
[35m[Appium][39m   loglevel: info
[35m[Appium][39m   tmpDir: C:\Users\Client\AppData\Local\Temp\\Katalon\Appium\Temp1659279892650
[35m[Appium][39m   chromedriverPort: 61856
[35m[Appium][39m Deprecated server args:
[35m[Appium][39m   [31m--chromedriver-port[39m => --default-capabilities
[35m[Appium][39m Default capabilities, which will be added to each request unless overridden by desired capabilities:
[35m[Appium][39m   chromedriverPort: 61856
[35m[Appium][39m Appium REST http interface listener started on 0.0.0.0:61854
[35m[HTTP][39m [37m-->[39m [37mGET[39m [37m/wd/hub/status[39m
[35m[HTTP][39m [90m{}[39m
[35m[HTTP][39m [37m<-- GET /wd/hub/status [39m[32m200[39m [90m6 ms - 68[39m
[35m[HTTP][39m [90m[39m
[35m[HTTP][39m [37m-->[39m [37mPOST[39m [37m/wd/hub/session[39m
[35m[HTTP][39m [90m{"desiredCapabilities":{"app":"C:\\Users\\Client\\Katalon Studio\\Eduwork_Portofolio\\MobileApp\\HappyDayShopping_v1.2.apk","noReset":true,"deviceName":"samsung SM-A530F (Android 9)","fullReset":false,"platform":"ANDROID","newCommandTimeout":1800,"platformVersion":"9","automationName":"uiautomator2","autoGrantPermissions":true,"platformName":"Android","udid":"5200fd45ea793599","systemPort":61853},"capabilities":{"firstMatch":[{"appium:app":"C:\\Users\\Client\\Katalon Studio\\Eduwork_Portofolio\\MobileApp\\HappyDayShopping_v1.2.apk","appium:autoGrantPermissions":true,"appium:automationName":"uiautomator2","appium:deviceName":"samsung SM-A530F (Android 9)","appium:fullReset":false,"appium:newCommandTimeout":1800,"appium:noReset":true,"platform":"ANDROID","platformName":"android","appium:platformVersion":"9","appium:systemPort":61853,"appium:udid":"5200fd45ea793599"}]}}[39m
[35m[BaseDriver][39m The following capabilities are not standard capabilities and should have an extension prefix:
[35m[BaseDriver][39m   platform
[35m[BaseDriver][39m   chromedriverPort
[35m[Appium][39m Appium v1.22.3 creating new AndroidUiautomator2Driver (v1.70.1) session
[35m[BaseDriver][39m The following capabilities were provided, but are not recognized by Appium:
[35m[BaseDriver][39m   platform
[35m[BaseDriver][39m Session created with session id: 0b255044-9b38-4365-9762-d0790b1f9a26
[35m[BaseDriver][39m Using local app 'C:\Users\Client\Katalon Studio\Eduwork_Portofolio\MobileApp\HappyDayShopping_v1.2.apk'
[35m[ADB][39m Found 1 'build-tools' folders under 'C:\Users\Client\.katalon\tools\android_sdk' (newest first):
[35m[ADB][39m     C:/Users/Client/.katalon/tools/android_sdk/build-tools/29.0.3
[35m[ADB][39m Using 'adb.exe' from 'C:\Users\Client\.katalon\tools\android_sdk\platform-tools\adb.exe'
[35m[AndroidDriver][39m Retrieving device list
[35m[AndroidDriver][39m Using device: 5200fd45ea793599
[35m[ADB][39m Using 'adb.exe' from 'C:\Users\Client\.katalon\tools\android_sdk\platform-tools\adb.exe'
[35m[ADB][39m Getting device platform version
[35m[UiAutomator2][39m Relaxing hidden api policy
[35m[ADB][39m Package name: 'com.ecwid.ShopAt.HappyDayShopping'
[35m[ADB][39m Main activity name: 'com.pb.MainActivity'
[35m[ADB][39m Using 'apksigner.jar' from 'C:\Users\Client\.katalon\tools\android_sdk\build-tools\29.0.3\lib\apksigner.jar'
[35m[ADB][39m 'C:\Users\Client\AppData\Roaming\npm\node_modules\appium\node_modules\appium-uiautomator2-server\apks\appium-uiautomator2-server-v4.27.0.apk' is signed with the default certificate
[35m[ADB][39m 'C:\Users\Client\AppData\Roaming\npm\node_modules\appium\node_modules\appium-uiautomator2-server\apks\appium-uiautomator2-server-debug-androidTest.apk' is signed with the default certificate
[35m[UiAutomator2][39m Server packages are not going to be (re)installed
[35m[ADB][39m Adding packages ["io.appium.settings","io.appium.uiautomator2.server","io.appium.uiautomator2.server.test"] to Doze whitelist
[35m[ADB][39m 'C:\Users\Client\Katalon Studio\Eduwork_Portofolio\MobileApp\HappyDayShopping_v1.2.apk' is signed with a non-default certificate
[35m[UiAutomator2][39m Starting UIAutomator2 server 4.27.0
[35m[UiAutomator2][39m Using UIAutomator2 server from 'C:\Users\Client\AppData\Roaming\npm\node_modules\appium\node_modules\appium-uiautomator2-server\apks\appium-uiautomator2-server-v4.27.0.apk' and test from 'C:\Users\Client\AppData\Roaming\npm\node_modules\appium\node_modules\appium-uiautomator2-server\apks\appium-uiautomator2-server-debug-androidTest.apk'
[35m[UiAutomator2][39m Waiting up to 30000ms for UiAutomator2 to be online...
[35m[WD Proxy][39m socket hang up
[35m[WD Proxy][39m socket hang up
[35m[WD Proxy][39m socket hang up
[35m[WD Proxy][39m socket hang up
[35m[WD Proxy][39m socket hang up
[35m[WD Proxy][39m Determined the downstream protocol as 'W3C'
[35m[AndroidDriver][39m Screen already unlocked, doing nothing
[35m[UiAutomator2][39m Starting 'com.ecwid.ShopAt.HappyDayShopping/com.pb.MainActivity and waiting for 'com.ecwid.ShopAt.HappyDayShopping/com.pb.MainActivity'
[35m[Appium][39m New AndroidUiautomator2Driver session created successfully, session 0b255044-9b38-4365-9762-d0790b1f9a26 added to master session list
[35m[HTTP][39m [37m<-- POST /wd/hub/session [39m[32m200[39m [90m12891 ms - 1364[39m
[35m[HTTP][39m [90m[39m
[35m[HTTP][39m [37m-->[39m [37mGET[39m [37m/wd/hub/session/0b255044-9b38-4365-9762-d0790b1f9a26[39m
[35m[HTTP][39m [90m{}[39m
[35m[HTTP][39m [37m<-- GET /wd/hub/session/0b255044-9b38-4365-9762-d0790b1f9a26 [39m[32m200[39m [90m27 ms - 1318[39m
[35m[HTTP][39m [90m[39m
[35m[HTTP][39m [37m-->[39m [37mGET[39m [37m/wd/hub/session/0b255044-9b38-4365-9762-d0790b1f9a26[39m
[35m[HTTP][39m [90m{}[39m
[35m[HTTP][39m [37m<-- GET /wd/hub/session/0b255044-9b38-4365-9762-d0790b1f9a26 [39m[32m200[39m [90m23 ms - 1318[39m
[35m[HTTP][39m [90m[39m
[35m[HTTP][39m [37m-->[39m [37mGET[39m [37m/wd/hub/status[39m
[35m[HTTP][39m [90m{}[39m
[35m[HTTP][39m [37m<-- GET /wd/hub/status [39m[32m200[39m [90m1 ms - 68[39m
[35m[HTTP][39m [90m[39m
[35m[HTTP][39m [37m-->[39m [37mPOST[39m [37m/wd/hub/session/0b255044-9b38-4365-9762-d0790b1f9a26/timeouts[39m
[35m[HTTP][39m [90m{"implicit":30000}[39m
[35m[HTTP][39m [37m<-- POST /wd/hub/session/0b255044-9b38-4365-9762-d0790b1f9a26/timeouts [39m[32m200[39m [90m3 ms - 14[39m
[35m[HTTP][39m [90m[39m
[35m[HTTP][39m [37m-->[39m [37mGET[39m [37m/wd/hub/session/0b255044-9b38-4365-9762-d0790b1f9a26/screenshot[39m
[35m[HTTP][39m [90m{}[39m
[35m[HTTP][39m [37m<-- GET /wd/hub/session/0b255044-9b38-4365-9762-d0790b1f9a26/screenshot [39m[32m200[39m [90m880 ms - 234768[39m
[35m[HTTP][39m [90m[39m
[35m[HTTP][39m [37m-->[39m [37mGET[39m [37m/wd/hub/session/0b255044-9b38-4365-9762-d0790b1f9a26/window/rect[39m
[35m[HTTP][39m [90m{}[39m
[35m[HTTP][39m [37m<-- GET /wd/hub/session/0b255044-9b38-4365-9762-d0790b1f9a26/window/rect [39m[32m200[39m [90m48 ms - 50[39m
[35m[HTTP][39m [90m[39m
[35m[HTTP][39m [37m-->[39m [37mGET[39m [37m/wd/hub/session/0b255044-9b38-4365-9762-d0790b1f9a26/appium/device/system_bars[39m
[35m[HTTP][39m [90m{}[39m
[35m[HTTP][39m [37m<-- GET /wd/hub/session/0b255044-9b38-4365-9762-d0790b1f9a26/appium/device/system_bars [39m[32m200[39m [90m269 ms - 148[39m
[35m[HTTP][39m [90m[39m
[35m[HTTP][39m [37m-->[39m [37mPOST[39m [37m/wd/hub/session/0b255044-9b38-4365-9762-d0790b1f9a26/timeouts[39m
[35m[HTTP][39m [90m{"implicit":50}[39m
[35m[HTTP][39m [37m<-- POST /wd/hub/session/0b255044-9b38-4365-9762-d0790b1f9a26/timeouts [39m[32m200[39m [90m2 ms - 14[39m
[35m[HTTP][39m [90m[39m
[35m[HTTP][39m [37m-->[39m [37mGET[39m [37m/wd/hub/session/0b255044-9b38-4365-9762-d0790b1f9a26/window/rect[39m
[35m[HTTP][39m [90m{}[39m
[35m[HTTP][39m [37m<-- GET /wd/hub/session/0b255044-9b38-4365-9762-d0790b1f9a26/window/rect [39m[32m200[39m [90m57 ms - 50[39m
[35m[HTTP][39m [90m[39m
[35m[HTTP][39m [37m-->[39m [37mPOST[39m [37m/wd/hub/session/0b255044-9b38-4365-9762-d0790b1f9a26/elements[39m
[35m[HTTP][39m [90m{"using":"xpath","value":"//*[@class = 'android.widget.TextView' and (@text = 'Contact Us' or . = 'Contact Us')]"}[39m
[35m[HTTP][39m [37m<-- POST /wd/hub/session/0b255044-9b38-4365-9762-d0790b1f9a26/elements [39m[32m200[39m [90m1395 ms - 139[39m
[35m[HTTP][39m [90m[39m
[35m[HTTP][39m [37m-->[39m [37mGET[39m [37m/wd/hub/session/0b255044-9b38-4365-9762-d0790b1f9a26/element/00000000-0000-0515-ffff-ffff000000ee/location[39m
[35m[HTTP][39m [90m{}[39m
[35m[W3C (0b255044)][39m Driver proxy active, passing request on via HTTP proxy
[35m[WD Proxy][39m Replacing sessionId 3d4aad90-a3e4-4a16-9cb8-db5a6e1a1e9e with 0b255044-9b38-4365-9762-d0790b1f9a26
[35m[HTTP][39m [37m<-- GET /wd/hub/session/0b255044-9b38-4365-9762-d0790b1f9a26/element/00000000-0000-0515-ffff-ffff000000ee/location [39m[32m200[39m [90m63 ms - 79[39m
[35m[HTTP][39m [90m[39m
[35m[HTTP][39m [37m-->[39m [37mPOST[39m [37m/wd/hub/session/0b255044-9b38-4365-9762-d0790b1f9a26/timeouts[39m
[35m[HTTP][39m [90m{"implicit":30000}[39m
[35m[HTTP][39m [37m<-- POST /wd/hub/session/0b255044-9b38-4365-9762-d0790b1f9a26/timeouts [39m[32m200[39m [90m1 ms - 14[39m
[35m[HTTP][39m [90m[39m
[35m[HTTP][39m [37m-->[39m [37mPOST[39m [37m/wd/hub/session/0b255044-9b38-4365-9762-d0790b1f9a26/element/00000000-0000-0515-ffff-ffff000000ee/click[39m
[35m[HTTP][39m [90m{"id":"00000000-0000-0515-ffff-ffff000000ee"}[39m
[35m[HTTP][39m [37m<-- POST /wd/hub/session/0b255044-9b38-4365-9762-d0790b1f9a26/element/00000000-0000-0515-ffff-ffff000000ee/click [39m[32m200[39m [90m90 ms - 14[39m
[35m[HTTP][39m [90m[39m
[35m[HTTP][39m [37m-->[39m [37mDELETE[39m [37m/wd/hub/session/0b255044-9b38-4365-9762-d0790b1f9a26[39m
[35m[HTTP][39m [90m{}[39m
[35m[Appium][39m Removing session 0b255044-9b38-4365-9762-d0790b1f9a26 from our master session list
[35m[UiAutomator2][39m Restoring hidden api policy to the device default configuration
[35m[HTTP][39m [37m<-- DELETE /wd/hub/session/0b255044-9b38-4365-9762-d0790b1f9a26 [39m[32m200[39m [90m775 ms - 14[39m
[35m[HTTP][39m [90m[39m
