[35m[Appium][39m Welcome to Appium v1.22.3
[35m[Appium][39m Non-default server args:
[35m[Appium][39m   port: 60872
[35m[Appium][39m   loglevel: info
[35m[Appium][39m   tmpDir: C:\Users\Client\AppData\Local\Temp\\Katalon\Appium\Temp1659279667237
[35m[Appium][39m   chromedriverPort: 60873
[35m[Appium][39m Deprecated server args:
[35m[Appium][39m   [31m--chromedriver-port[39m => --default-capabilities
[35m[Appium][39m Default capabilities, which will be added to each request unless overridden by desired capabilities:
[35m[Appium][39m   chromedriverPort: 60873
[35m[Appium][39m Appium REST http interface listener started on 0.0.0.0:60872
[35m[HTTP][39m [37m-->[39m [37mGET[39m [37m/wd/hub/status[39m
[35m[HTTP][39m [90m{}[39m
[35m[HTTP][39m [37m<-- GET /wd/hub/status [39m[32m200[39m [90m5 ms - 68[39m
[35m[HTTP][39m [90m[39m
[35m[HTTP][39m [37m-->[39m [37mPOST[39m [37m/wd/hub/session[39m
[35m[HTTP][39m [90m{"desiredCapabilities":{"app":"C:\\Users\\Client\\Katalon Studio\\Eduwork_Portofolio\\MobileApp\\HappyDayShopping_v1.2.apk","noReset":true,"deviceName":"samsung SM-A530F (Android 9)","fullReset":false,"platform":"ANDROID","newCommandTimeout":1800,"platformVersion":"9","automationName":"uiautomator2","autoGrantPermissions":true,"platformName":"Android","udid":"5200fd45ea793599","systemPort":60871},"capabilities":{"firstMatch":[{"appium:app":"C:\\Users\\Client\\Katalon Studio\\Eduwork_Portofolio\\MobileApp\\HappyDayShopping_v1.2.apk","appium:autoGrantPermissions":true,"appium:automationName":"uiautomator2","appium:deviceName":"samsung SM-A530F (Android 9)","appium:fullReset":false,"appium:newCommandTimeout":1800,"appium:noReset":true,"platform":"ANDROID","platformName":"android","appium:platformVersion":"9","appium:systemPort":60871,"appium:udid":"5200fd45ea793599"}]}}[39m
[35m[BaseDriver][39m The following capabilities are not standard capabilities and should have an extension prefix:
[35m[BaseDriver][39m   platform
[35m[BaseDriver][39m   chromedriverPort
[35m[Appium][39m Appium v1.22.3 creating new AndroidUiautomator2Driver (v1.70.1) session
[35m[BaseDriver][39m The following capabilities were provided, but are not recognized by Appium:
[35m[BaseDriver][39m   platform
[35m[BaseDriver][39m Session created with session id: 2c45f6c7-df52-4198-be88-7ebc07a0bf16
[35m[BaseDriver][39m Using local app 'C:\Users\Client\Katalon Studio\Eduwork_Portofolio\MobileApp\HappyDayShopping_v1.2.apk'
[35m[ADB][39m Found 1 'build-tools' folders under 'C:\Users\Client\.katalon\tools\android_sdk' (newest first):
[35m[ADB][39m     C:/Users/Client/.katalon/tools/android_sdk/build-tools/29.0.3
[35m[ADB][39m Using 'adb.exe' from 'C:\Users\Client\.katalon\tools\android_sdk\platform-tools\adb.exe'
[35m[AndroidDriver][39m Retrieving device list
[35m[AndroidDriver][39m Using device: 5200fd45ea793599
[35m[ADB][39m Using 'adb.exe' from 'C:\Users\Client\.katalon\tools\android_sdk\platform-tools\adb.exe'
[35m[ADB][39m Getting device platform version
[35m[UiAutomator2][39m Relaxing hidden api policy
[35m[ADB][39m Package name: 'com.ecwid.ShopAt.HappyDayShopping'
[35m[ADB][39m Main activity name: 'com.pb.MainActivity'
[35m[ADB][39m Using 'apksigner.jar' from 'C:\Users\Client\.katalon\tools\android_sdk\build-tools\29.0.3\lib\apksigner.jar'
[35m[ADB][39m 'C:\Users\Client\AppData\Roaming\npm\node_modules\appium\node_modules\appium-uiautomator2-server\apks\appium-uiautomator2-server-v4.27.0.apk' is signed with the default certificate
[35m[ADB][39m 'C:\Users\Client\AppData\Roaming\npm\node_modules\appium\node_modules\appium-uiautomator2-server\apks\appium-uiautomator2-server-debug-androidTest.apk' is signed with the default certificate
[35m[UiAutomator2][39m Server packages are not going to be (re)installed
[35m[ADB][39m Adding packages ["io.appium.settings","io.appium.uiautomator2.server","io.appium.uiautomator2.server.test"] to Doze whitelist
[35m[ADB][39m 'C:\Users\Client\Katalon Studio\Eduwork_Portofolio\MobileApp\HappyDayShopping_v1.2.apk' is signed with a non-default certificate
[35m[UiAutomator2][39m Starting UIAutomator2 server 4.27.0
[35m[UiAutomator2][39m Using UIAutomator2 server from 'C:\Users\Client\AppData\Roaming\npm\node_modules\appium\node_modules\appium-uiautomator2-server\apks\appium-uiautomator2-server-v4.27.0.apk' and test from 'C:\Users\Client\AppData\Roaming\npm\node_modules\appium\node_modules\appium-uiautomator2-server\apks\appium-uiautomator2-server-debug-androidTest.apk'
[35m[UiAutomator2][39m Waiting up to 30000ms for UiAutomator2 to be online...
[35m[WD Proxy][39m socket hang up
[35m[WD Proxy][39m socket hang up
[35m[WD Proxy][39m socket hang up
[35m[WD Proxy][39m socket hang up
[35m[WD Proxy][39m Determined the downstream protocol as 'W3C'
[35m[AndroidDriver][39m Screen already unlocked, doing nothing
[35m[UiAutomator2][39m Starting 'com.ecwid.ShopAt.HappyDayShopping/com.pb.MainActivity and waiting for 'com.ecwid.ShopAt.HappyDayShopping/com.pb.MainActivity'
[35m[Appium][39m New AndroidUiautomator2Driver session created successfully, session 2c45f6c7-df52-4198-be88-7ebc07a0bf16 added to master session list
[35m[HTTP][39m [37m<-- POST /wd/hub/session [39m[32m200[39m [90m11953 ms - 1364[39m
[35m[HTTP][39m [90m[39m
[35m[HTTP][39m [37m-->[39m [37mGET[39m [37m/wd/hub/session/2c45f6c7-df52-4198-be88-7ebc07a0bf16[39m
[35m[HTTP][39m [90m{}[39m
[35m[HTTP][39m [37m<-- GET /wd/hub/session/2c45f6c7-df52-4198-be88-7ebc07a0bf16 [39m[32m200[39m [90m28 ms - 1318[39m
[35m[HTTP][39m [90m[39m
[35m[HTTP][39m [37m-->[39m [37mGET[39m [37m/wd/hub/session/2c45f6c7-df52-4198-be88-7ebc07a0bf16[39m
[35m[HTTP][39m [90m{}[39m
[35m[HTTP][39m [37m<-- GET /wd/hub/session/2c45f6c7-df52-4198-be88-7ebc07a0bf16 [39m[32m200[39m [90m29 ms - 1318[39m
[35m[HTTP][39m [90m[39m
[35m[HTTP][39m [37m-->[39m [37mGET[39m [37m/wd/hub/status[39m
[35m[HTTP][39m [90m{}[39m
[35m[HTTP][39m [37m<-- GET /wd/hub/status [39m[32m200[39m [90m1 ms - 68[39m
[35m[HTTP][39m [90m[39m
[35m[HTTP][39m [37m-->[39m [37mPOST[39m [37m/wd/hub/session/2c45f6c7-df52-4198-be88-7ebc07a0bf16/timeouts[39m
[35m[HTTP][39m [90m{"implicit":30000}[39m
[35m[HTTP][39m [37m<-- POST /wd/hub/session/2c45f6c7-df52-4198-be88-7ebc07a0bf16/timeouts [39m[32m200[39m [90m2 ms - 14[39m
[35m[HTTP][39m [90m[39m
[35m[HTTP][39m [37m-->[39m [37mGET[39m [37m/wd/hub/session/2c45f6c7-df52-4198-be88-7ebc07a0bf16/screenshot[39m
[35m[HTTP][39m [90m{}[39m
[35m[HTTP][39m [37m<-- GET /wd/hub/session/2c45f6c7-df52-4198-be88-7ebc07a0bf16/screenshot [39m[32m200[39m [90m864 ms - 232970[39m
[35m[HTTP][39m [90m[39m
[35m[HTTP][39m [37m-->[39m [37mGET[39m [37m/wd/hub/session/2c45f6c7-df52-4198-be88-7ebc07a0bf16/window/rect[39m
[35m[HTTP][39m [90m{}[39m
[35m[HTTP][39m [37m<-- GET /wd/hub/session/2c45f6c7-df52-4198-be88-7ebc07a0bf16/window/rect [39m[32m200[39m [90m54 ms - 50[39m
[35m[HTTP][39m [90m[39m
[35m[HTTP][39m [37m-->[39m [37mGET[39m [37m/wd/hub/session/2c45f6c7-df52-4198-be88-7ebc07a0bf16/appium/device/system_bars[39m
[35m[HTTP][39m [90m{}[39m
[35m[HTTP][39m [37m<-- GET /wd/hub/session/2c45f6c7-df52-4198-be88-7ebc07a0bf16/appium/device/system_bars [39m[32m200[39m [90m254 ms - 148[39m
[35m[HTTP][39m [90m[39m
[35m[HTTP][39m [37m-->[39m [37mPOST[39m [37m/wd/hub/session/2c45f6c7-df52-4198-be88-7ebc07a0bf16/timeouts[39m
[35m[HTTP][39m [90m{"implicit":50}[39m
[35m[HTTP][39m [37m<-- POST /wd/hub/session/2c45f6c7-df52-4198-be88-7ebc07a0bf16/timeouts [39m[32m200[39m [90m2 ms - 14[39m
[35m[HTTP][39m [90m[39m
[35m[HTTP][39m [37m-->[39m [37mGET[39m [37m/wd/hub/session/2c45f6c7-df52-4198-be88-7ebc07a0bf16/window/rect[39m
[35m[HTTP][39m [90m{}[39m
[35m[HTTP][39m [37m<-- GET /wd/hub/session/2c45f6c7-df52-4198-be88-7ebc07a0bf16/window/rect [39m[32m200[39m [90m54 ms - 50[39m
[35m[HTTP][39m [90m[39m
[35m[HTTP][39m [37m-->[39m [37mPOST[39m [37m/wd/hub/session/2c45f6c7-df52-4198-be88-7ebc07a0bf16/elements[39m
[35m[HTTP][39m [90m{"using":"xpath","value":"//hierarchy/android.widget.FrameLayout[1]/android.widget.LinearLayout[1]/android.widget.FrameLayout[1]/android.widget.LinearLayout[1]/android.widget.FrameLayout[1]/android.widget.FrameLayout[1]/android.view.ViewGroup[1]/android.view.ViewGroup[2]/android.view.ViewGroup[2]/android.view.ViewGroup[1]/android.widget.ImageView[1]"}[39m
[35m[HTTP][39m [37m<-- POST /wd/hub/session/2c45f6c7-df52-4198-be88-7ebc07a0bf16/elements [39m[32m200[39m [90m2030 ms - 139[39m
[35m[HTTP][39m [90m[39m
[35m[HTTP][39m [37m-->[39m [37mGET[39m [37m/wd/hub/session/2c45f6c7-df52-4198-be88-7ebc07a0bf16/element/00000000-0000-04cf-ffff-ffff000000cf/location[39m
[35m[HTTP][39m [90m{}[39m
[35m[W3C (2c45f6c7)][39m Driver proxy active, passing request on via HTTP proxy
[35m[WD Proxy][39m Replacing sessionId c1cb3367-02ff-49c5-be34-b9574beaa8db with 2c45f6c7-df52-4198-be88-7ebc07a0bf16
[35m[HTTP][39m [37m<-- GET /wd/hub/session/2c45f6c7-df52-4198-be88-7ebc07a0bf16/element/00000000-0000-04cf-ffff-ffff000000cf/location [39m[32m200[39m [90m54 ms - 78[39m
[35m[HTTP][39m [90m[39m
[35m[HTTP][39m [37m-->[39m [37mPOST[39m [37m/wd/hub/session/2c45f6c7-df52-4198-be88-7ebc07a0bf16/timeouts[39m
[35m[HTTP][39m [90m{"implicit":30000}[39m
[35m[HTTP][39m [37m<-- POST /wd/hub/session/2c45f6c7-df52-4198-be88-7ebc07a0bf16/timeouts [39m[32m200[39m [90m1 ms - 14[39m
[35m[HTTP][39m [90m[39m
[35m[HTTP][39m [37m-->[39m [37mPOST[39m [37m/wd/hub/session/2c45f6c7-df52-4198-be88-7ebc07a0bf16/element/00000000-0000-04cf-ffff-ffff000000cf/click[39m
[35m[HTTP][39m [90m{"id":"00000000-0000-04cf-ffff-ffff000000cf"}[39m
[35m[HTTP][39m [37m<-- POST /wd/hub/session/2c45f6c7-df52-4198-be88-7ebc07a0bf16/element/00000000-0000-04cf-ffff-ffff000000cf/click [39m[32m200[39m [90m80 ms - 14[39m
[35m[HTTP][39m [90m[39m
[35m[HTTP][39m [37m-->[39m [37mPOST[39m [37m/wd/hub/session/2c45f6c7-df52-4198-be88-7ebc07a0bf16/timeouts[39m
[35m[HTTP][39m [90m{"implicit":50}[39m
[35m[HTTP][39m [37m<-- POST /wd/hub/session/2c45f6c7-df52-4198-be88-7ebc07a0bf16/timeouts [39m[32m200[39m [90m1 ms - 14[39m
[35m[HTTP][39m [90m[39m
[35m[HTTP][39m [37m-->[39m [37mGET[39m [37m/wd/hub/session/2c45f6c7-df52-4198-be88-7ebc07a0bf16/window/rect[39m
[35m[HTTP][39m [90m{}[39m
[35m[HTTP][39m [37m<-- GET /wd/hub/session/2c45f6c7-df52-4198-be88-7ebc07a0bf16/window/rect [39m[32m200[39m [90m52 ms - 50[39m
[35m[HTTP][39m [90m[39m
[35m[HTTP][39m [37m-->[39m [37mPOST[39m [37m/wd/hub/session/2c45f6c7-df52-4198-be88-7ebc07a0bf16/elements[39m
[35m[HTTP][39m [90m{"using":"xpath","value":"//*[@class = 'android.widget.TextView' and (@text = 'Electronics' or . = 'Electronics')]"}[39m
[35m[HTTP][39m [37m<-- POST /wd/hub/session/2c45f6c7-df52-4198-be88-7ebc07a0bf16/elements [39m[32m200[39m [90m1741 ms - 139[39m
[35m[HTTP][39m [90m[39m
[35m[HTTP][39m [37m-->[39m [37mGET[39m [37m/wd/hub/session/2c45f6c7-df52-4198-be88-7ebc07a0bf16/element/00000000-0000-04cf-ffff-ffff00000042/location[39m
[35m[HTTP][39m [90m{}[39m
[35m[W3C (2c45f6c7)][39m Driver proxy active, passing request on via HTTP proxy
[35m[WD Proxy][39m Replacing sessionId c1cb3367-02ff-49c5-be34-b9574beaa8db with 2c45f6c7-df52-4198-be88-7ebc07a0bf16
[35m[HTTP][39m [37m<-- GET /wd/hub/session/2c45f6c7-df52-4198-be88-7ebc07a0bf16/element/00000000-0000-04cf-ffff-ffff00000042/location [39m[32m200[39m [90m59 ms - 77[39m
[35m[HTTP][39m [90m[39m
[35m[HTTP][39m [37m-->[39m [37mPOST[39m [37m/wd/hub/session/2c45f6c7-df52-4198-be88-7ebc07a0bf16/timeouts[39m
[35m[HTTP][39m [90m{"implicit":30000}[39m
[35m[HTTP][39m [37m<-- POST /wd/hub/session/2c45f6c7-df52-4198-be88-7ebc07a0bf16/timeouts [39m[32m200[39m [90m1 ms - 14[39m
[35m[HTTP][39m [90m[39m
[35m[HTTP][39m [37m-->[39m [37mPOST[39m [37m/wd/hub/session/2c45f6c7-df52-4198-be88-7ebc07a0bf16/element/00000000-0000-04cf-ffff-ffff00000042/click[39m
[35m[HTTP][39m [90m{"id":"00000000-0000-04cf-ffff-ffff00000042"}[39m
[35m[HTTP][39m [37m<-- POST /wd/hub/session/2c45f6c7-df52-4198-be88-7ebc07a0bf16/element/00000000-0000-04cf-ffff-ffff00000042/click [39m[32m200[39m [90m61 ms - 14[39m
[35m[HTTP][39m [90m[39m
[35m[HTTP][39m [37m-->[39m [37mPOST[39m [37m/wd/hub/session/2c45f6c7-df52-4198-be88-7ebc07a0bf16/timeouts[39m
[35m[HTTP][39m [90m{"implicit":50}[39m
[35m[HTTP][39m [37m<-- POST /wd/hub/session/2c45f6c7-df52-4198-be88-7ebc07a0bf16/timeouts [39m[32m200[39m [90m1 ms - 14[39m
[35m[HTTP][39m [90m[39m
[35m[HTTP][39m [37m-->[39m [37mGET[39m [37m/wd/hub/session/2c45f6c7-df52-4198-be88-7ebc07a0bf16/window/rect[39m
[35m[HTTP][39m [90m{}[39m
[35m[HTTP][39m [37m<-- GET /wd/hub/session/2c45f6c7-df52-4198-be88-7ebc07a0bf16/window/rect [39m[32m200[39m [90m54 ms - 50[39m
[35m[HTTP][39m [90m[39m
[35m[HTTP][39m [37m-->[39m [37mPOST[39m [37m/wd/hub/session/2c45f6c7-df52-4198-be88-7ebc07a0bf16/elements[39m
[35m[HTTP][39m [90m{"using":"xpath","value":"//*[@class = 'android.widget.TextView' and (@text = 'Armilite Torch and Emergency Light' or . = 'Armilite Torch and Emergency Light')]"}[39m
[35m[HTTP][39m [37m<-- POST /wd/hub/session/2c45f6c7-df52-4198-be88-7ebc07a0bf16/elements [39m[32m200[39m [90m620 ms - 12[39m
[35m[HTTP][39m [90m[39m
[35m[HTTP][39m [37m-->[39m [37mPOST[39m [37m/wd/hub/session/2c45f6c7-df52-4198-be88-7ebc07a0bf16/elements[39m
[35m[HTTP][39m [90m{"using":"xpath","value":"//*[@class = 'android.widget.TextView' and (@text = 'Armilite Torch and Emergency Light' or . = 'Armilite Torch and Emergency Light')]"}[39m
[35m[HTTP][39m [37m<-- POST /wd/hub/session/2c45f6c7-df52-4198-be88-7ebc07a0bf16/elements [39m[32m200[39m [90m527 ms - 12[39m
[35m[HTTP][39m [90m[39m
[35m[HTTP][39m [37m-->[39m [37mPOST[39m [37m/wd/hub/session/2c45f6c7-df52-4198-be88-7ebc07a0bf16/elements[39m
[35m[HTTP][39m [90m{"using":"xpath","value":"//*[@class = 'android.widget.TextView' and (@text = 'Armilite Torch and Emergency Light' or . = 'Armilite Torch and Emergency Light')]"}[39m
[35m[HTTP][39m [37m<-- POST /wd/hub/session/2c45f6c7-df52-4198-be88-7ebc07a0bf16/elements [39m[32m200[39m [90m463 ms - 12[39m
[35m[HTTP][39m [90m[39m
[35m[HTTP][39m [37m-->[39m [37mPOST[39m [37m/wd/hub/session/2c45f6c7-df52-4198-be88-7ebc07a0bf16/elements[39m
[35m[HTTP][39m [90m{"using":"xpath","value":"//*[@class = 'android.widget.TextView' and (@text = 'Armilite Torch and Emergency Light' or . = 'Armilite Torch and Emergency Light')]"}[39m
[35m[HTTP][39m [37m<-- POST /wd/hub/session/2c45f6c7-df52-4198-be88-7ebc07a0bf16/elements [39m[32m200[39m [90m451 ms - 12[39m
[35m[HTTP][39m [90m[39m
[35m[HTTP][39m [37m-->[39m [37mPOST[39m [37m/wd/hub/session/2c45f6c7-df52-4198-be88-7ebc07a0bf16/elements[39m
[35m[HTTP][39m [90m{"using":"xpath","value":"//*[@class = 'android.widget.TextView' and (@text = 'Armilite Torch and Emergency Light' or . = 'Armilite Torch and Emergency Light')]"}[39m
[35m[HTTP][39m [37m<-- POST /wd/hub/session/2c45f6c7-df52-4198-be88-7ebc07a0bf16/elements [39m[32m200[39m [90m406 ms - 12[39m
[35m[HTTP][39m [90m[39m
[35m[HTTP][39m [37m-->[39m [37mPOST[39m [37m/wd/hub/session/2c45f6c7-df52-4198-be88-7ebc07a0bf16/elements[39m
[35m[HTTP][39m [90m{"using":"xpath","value":"//*[@class = 'android.widget.TextView' and (@text = 'Armilite Torch and Emergency Light' or . = 'Armilite Torch and Emergency Light')]"}[39m
[35m[HTTP][39m [37m<-- POST /wd/hub/session/2c45f6c7-df52-4198-be88-7ebc07a0bf16/elements [39m[32m200[39m [90m1020 ms - 12[39m
[35m[HTTP][39m [90m[39m
[35m[HTTP][39m [37m-->[39m [37mPOST[39m [37m/wd/hub/session/2c45f6c7-df52-4198-be88-7ebc07a0bf16/elements[39m
[35m[HTTP][39m [90m{"using":"xpath","value":"//*[@class = 'android.widget.TextView' and (@text = 'Armilite Torch and Emergency Light' or . = 'Armilite Torch and Emergency Light')]"}[39m
[35m[HTTP][39m [37m<-- POST /wd/hub/session/2c45f6c7-df52-4198-be88-7ebc07a0bf16/elements [39m[32m200[39m [90m405 ms - 12[39m
[35m[HTTP][39m [90m[39m
[35m[HTTP][39m [37m-->[39m [37mPOST[39m [37m/wd/hub/session/2c45f6c7-df52-4198-be88-7ebc07a0bf16/elements[39m
[35m[HTTP][39m [90m{"using":"xpath","value":"//*[@class = 'android.widget.TextView' and (@text = 'Armilite Torch and Emergency Light' or . = 'Armilite Torch and Emergency Light')]"}[39m
[35m[HTTP][39m [37m<-- POST /wd/hub/session/2c45f6c7-df52-4198-be88-7ebc07a0bf16/elements [39m[32m200[39m [90m405 ms - 12[39m
[35m[HTTP][39m [90m[39m
[35m[HTTP][39m [37m-->[39m [37mPOST[39m [37m/wd/hub/session/2c45f6c7-df52-4198-be88-7ebc07a0bf16/elements[39m
[35m[HTTP][39m [90m{"using":"xpath","value":"//*[@class = 'android.widget.TextView' and (@text = 'Armilite Torch and Emergency Light' or . = 'Armilite Torch and Emergency Light')]"}[39m
[35m[HTTP][39m [37m<-- POST /wd/hub/session/2c45f6c7-df52-4198-be88-7ebc07a0bf16/elements [39m[32m200[39m [90m367 ms - 12[39m
[35m[HTTP][39m [90m[39m
[35m[HTTP][39m [37m-->[39m [37mPOST[39m [37m/wd/hub/session/2c45f6c7-df52-4198-be88-7ebc07a0bf16/elements[39m
[35m[HTTP][39m [90m{"using":"xpath","value":"//*[@class = 'android.widget.TextView' and (@text = 'Armilite Torch and Emergency Light' or . = 'Armilite Torch and Emergency Light')]"}[39m
[35m[HTTP][39m [37m<-- POST /wd/hub/session/2c45f6c7-df52-4198-be88-7ebc07a0bf16/elements [39m[32m200[39m [90m400 ms - 12[39m
[35m[HTTP][39m [90m[39m
[35m[HTTP][39m [37m-->[39m [37mPOST[39m [37m/wd/hub/session/2c45f6c7-df52-4198-be88-7ebc07a0bf16/elements[39m
[35m[HTTP][39m [90m{"using":"xpath","value":"//*[@class = 'android.widget.TextView' and (@text = 'Armilite Torch and Emergency Light' or . = 'Armilite Torch and Emergency Light')]"}[39m
[35m[HTTP][39m [37m<-- POST /wd/hub/session/2c45f6c7-df52-4198-be88-7ebc07a0bf16/elements [39m[32m200[39m [90m357 ms - 12[39m
[35m[HTTP][39m [90m[39m
[35m[HTTP][39m [37m-->[39m [37mPOST[39m [37m/wd/hub/session/2c45f6c7-df52-4198-be88-7ebc07a0bf16/elements[39m
[35m[HTTP][39m [90m{"using":"xpath","value":"//*[@class = 'android.widget.TextView' and (@text = 'Armilite Torch and Emergency Light' or . = 'Armilite Torch and Emergency Light')]"}[39m
[35m[HTTP][39m [37m<-- POST /wd/hub/session/2c45f6c7-df52-4198-be88-7ebc07a0bf16/elements [39m[32m200[39m [90m384 ms - 12[39m
[35m[HTTP][39m [90m[39m
[35m[HTTP][39m [37m-->[39m [37mPOST[39m [37m/wd/hub/session/2c45f6c7-df52-4198-be88-7ebc07a0bf16/elements[39m
[35m[HTTP][39m [90m{"using":"xpath","value":"//*[@class = 'android.widget.TextView' and (@text = 'Armilite Torch and Emergency Light' or . = 'Armilite Torch and Emergency Light')]"}[39m
[35m[HTTP][39m [37m<-- POST /wd/hub/session/2c45f6c7-df52-4198-be88-7ebc07a0bf16/elements [39m[32m200[39m [90m331 ms - 12[39m
[35m[HTTP][39m [90m[39m
[35m[HTTP][39m [37m-->[39m [37mPOST[39m [37m/wd/hub/session/2c45f6c7-df52-4198-be88-7ebc07a0bf16/elements[39m
[35m[HTTP][39m [90m{"using":"xpath","value":"//*[@class = 'android.widget.TextView' and (@text = 'Armilite Torch and Emergency Light' or . = 'Armilite Torch and Emergency Light')]"}[39m
[35m[HTTP][39m [37m<-- POST /wd/hub/session/2c45f6c7-df52-4198-be88-7ebc07a0bf16/elements [39m[32m200[39m [90m353 ms - 12[39m
[35m[HTTP][39m [90m[39m
[35m[HTTP][39m [37m-->[39m [37mPOST[39m [37m/wd/hub/session/2c45f6c7-df52-4198-be88-7ebc07a0bf16/elements[39m
[35m[HTTP][39m [90m{"using":"xpath","value":"//*[@class = 'android.widget.TextView' and (@text = 'Armilite Torch and Emergency Light' or . = 'Armilite Torch and Emergency Light')]"}[39m
[35m[HTTP][39m [37m<-- POST /wd/hub/session/2c45f6c7-df52-4198-be88-7ebc07a0bf16/elements [39m[32m200[39m [90m334 ms - 12[39m
[35m[HTTP][39m [90m[39m
[35m[HTTP][39m [37m-->[39m [37mPOST[39m [37m/wd/hub/session/2c45f6c7-df52-4198-be88-7ebc07a0bf16/elements[39m
[35m[HTTP][39m [90m{"using":"xpath","value":"//*[@class = 'android.widget.TextView' and (@text = 'Armilite Torch and Emergency Light' or . = 'Armilite Torch and Emergency Light')]"}[39m
[35m[HTTP][39m [37m<-- POST /wd/hub/session/2c45f6c7-df52-4198-be88-7ebc07a0bf16/elements [39m[32m200[39m [90m338 ms - 12[39m
[35m[HTTP][39m [90m[39m
[35m[HTTP][39m [37m-->[39m [37mPOST[39m [37m/wd/hub/session/2c45f6c7-df52-4198-be88-7ebc07a0bf16/elements[39m
[35m[HTTP][39m [90m{"using":"xpath","value":"//*[@class = 'android.widget.TextView' and (@text = 'Armilite Torch and Emergency Light' or . = 'Armilite Torch and Emergency Light')]"}[39m
[35m[HTTP][39m [37m<-- POST /wd/hub/session/2c45f6c7-df52-4198-be88-7ebc07a0bf16/elements [39m[32m200[39m [90m309 ms - 12[39m
[35m[HTTP][39m [90m[39m
[35m[HTTP][39m [37m-->[39m [37mPOST[39m [37m/wd/hub/session/2c45f6c7-df52-4198-be88-7ebc07a0bf16/elements[39m
[35m[HTTP][39m [90m{"using":"xpath","value":"//*[@class = 'android.widget.TextView' and (@text = 'Armilite Torch and Emergency Light' or . = 'Armilite Torch and Emergency Light')]"}[39m
[35m[HTTP][39m [37m<-- POST /wd/hub/session/2c45f6c7-df52-4198-be88-7ebc07a0bf16/elements [39m[32m200[39m [90m338 ms - 12[39m
[35m[HTTP][39m [90m[39m
[35m[HTTP][39m [37m-->[39m [37mPOST[39m [37m/wd/hub/session/2c45f6c7-df52-4198-be88-7ebc07a0bf16/elements[39m
[35m[HTTP][39m [90m{"using":"xpath","value":"//*[@class = 'android.widget.TextView' and (@text = 'Armilite Torch and Emergency Light' or . = 'Armilite Torch and Emergency Light')]"}[39m
[35m[HTTP][39m [37m<-- POST /wd/hub/session/2c45f6c7-df52-4198-be88-7ebc07a0bf16/elements [39m[32m200[39m [90m323 ms - 12[39m
[35m[HTTP][39m [90m[39m
[35m[HTTP][39m [37m-->[39m [37mPOST[39m [37m/wd/hub/session/2c45f6c7-df52-4198-be88-7ebc07a0bf16/elements[39m
[35m[HTTP][39m [90m{"using":"xpath","value":"//*[@class = 'android.widget.TextView' and (@text = 'Armilite Torch and Emergency Light' or . = 'Armilite Torch and Emergency Light')]"}[39m
[35m[HTTP][39m [37m<-- POST /wd/hub/session/2c45f6c7-df52-4198-be88-7ebc07a0bf16/elements [39m[32m200[39m [90m315 ms - 12[39m
[35m[HTTP][39m [90m[39m
[35m[HTTP][39m [37m-->[39m [37mPOST[39m [37m/wd/hub/session/2c45f6c7-df52-4198-be88-7ebc07a0bf16/elements[39m
[35m[HTTP][39m [90m{"using":"xpath","value":"//*[@class = 'android.widget.TextView' and (@text = 'Armilite Torch and Emergency Light' or . = 'Armilite Torch and Emergency Light')]"}[39m
[35m[HTTP][39m [37m<-- POST /wd/hub/session/2c45f6c7-df52-4198-be88-7ebc07a0bf16/elements [39m[32m200[39m [90m313 ms - 12[39m
[35m[HTTP][39m [90m[39m
[35m[HTTP][39m [37m-->[39m [37mPOST[39m [37m/wd/hub/session/2c45f6c7-df52-4198-be88-7ebc07a0bf16/elements[39m
[35m[HTTP][39m [90m{"using":"xpath","value":"//*[@class = 'android.widget.TextView' and (@text = 'Armilite Torch and Emergency Light' or . = 'Armilite Torch and Emergency Light')]"}[39m
[35m[HTTP][39m [37m<-- POST /wd/hub/session/2c45f6c7-df52-4198-be88-7ebc07a0bf16/elements [39m[32m200[39m [90m319 ms - 12[39m
[35m[HTTP][39m [90m[39m
[35m[HTTP][39m [37m-->[39m [37mPOST[39m [37m/wd/hub/session/2c45f6c7-df52-4198-be88-7ebc07a0bf16/elements[39m
[35m[HTTP][39m [90m{"using":"xpath","value":"//*[@class = 'android.widget.TextView' and (@text = 'Armilite Torch and Emergency Light' or . = 'Armilite Torch and Emergency Light')]"}[39m
[35m[HTTP][39m [37m<-- POST /wd/hub/session/2c45f6c7-df52-4198-be88-7ebc07a0bf16/elements [39m[32m200[39m [90m325 ms - 12[39m
[35m[HTTP][39m [90m[39m
[35m[HTTP][39m [37m-->[39m [37mPOST[39m [37m/wd/hub/session/2c45f6c7-df52-4198-be88-7ebc07a0bf16/elements[39m
[35m[HTTP][39m [90m{"using":"xpath","value":"//*[@class = 'android.widget.TextView' and (@text = 'Armilite Torch and Emergency Light' or . = 'Armilite Torch and Emergency Light')]"}[39m
[35m[HTTP][39m [37m<-- POST /wd/hub/session/2c45f6c7-df52-4198-be88-7ebc07a0bf16/elements [39m[32m200[39m [90m309 ms - 12[39m
[35m[HTTP][39m [90m[39m
[35m[HTTP][39m [37m-->[39m [37mPOST[39m [37m/wd/hub/session/2c45f6c7-df52-4198-be88-7ebc07a0bf16/elements[39m
[35m[HTTP][39m [90m{"using":"xpath","value":"//*[@class = 'android.widget.TextView' and (@text = 'Armilite Torch and Emergency Light' or . = 'Armilite Torch and Emergency Light')]"}[39m
[35m[HTTP][39m [37m<-- POST /wd/hub/session/2c45f6c7-df52-4198-be88-7ebc07a0bf16/elements [39m[32m200[39m [90m305 ms - 12[39m
[35m[HTTP][39m [90m[39m
[35m[HTTP][39m [37m-->[39m [37mPOST[39m [37m/wd/hub/session/2c45f6c7-df52-4198-be88-7ebc07a0bf16/elements[39m
[35m[HTTP][39m [90m{"using":"xpath","value":"//*[@class = 'android.widget.TextView' and (@text = 'Armilite Torch and Emergency Light' or . = 'Armilite Torch and Emergency Light')]"}[39m
[35m[HTTP][39m [37m<-- POST /wd/hub/session/2c45f6c7-df52-4198-be88-7ebc07a0bf16/elements [39m[32m200[39m [90m322 ms - 12[39m
[35m[HTTP][39m [90m[39m
[35m[HTTP][39m [37m-->[39m [37mPOST[39m [37m/wd/hub/session/2c45f6c7-df52-4198-be88-7ebc07a0bf16/elements[39m
[35m[HTTP][39m [90m{"using":"xpath","value":"//*[@class = 'android.widget.TextView' and (@text = 'Armilite Torch and Emergency Light' or . = 'Armilite Torch and Emergency Light')]"}[39m
[35m[HTTP][39m [37m<-- POST /wd/hub/session/2c45f6c7-df52-4198-be88-7ebc07a0bf16/elements [39m[32m200[39m [90m306 ms - 12[39m
[35m[HTTP][39m [90m[39m
[35m[HTTP][39m [37m-->[39m [37mPOST[39m [37m/wd/hub/session/2c45f6c7-df52-4198-be88-7ebc07a0bf16/elements[39m
[35m[HTTP][39m [90m{"using":"xpath","value":"//*[@class = 'android.widget.TextView' and (@text = 'Armilite Torch and Emergency Light' or . = 'Armilite Torch and Emergency Light')]"}[39m
[35m[HTTP][39m [37m<-- POST /wd/hub/session/2c45f6c7-df52-4198-be88-7ebc07a0bf16/elements [39m[32m200[39m [90m306 ms - 12[39m
[35m[HTTP][39m [90m[39m
[35m[HTTP][39m [37m-->[39m [37mPOST[39m [37m/wd/hub/session/2c45f6c7-df52-4198-be88-7ebc07a0bf16/elements[39m
[35m[HTTP][39m [90m{"using":"xpath","value":"//*[@class = 'android.widget.TextView' and (@text = 'Armilite Torch and Emergency Light' or . = 'Armilite Torch and Emergency Light')]"}[39m
[35m[HTTP][39m [37m<-- POST /wd/hub/session/2c45f6c7-df52-4198-be88-7ebc07a0bf16/elements [39m[32m200[39m [90m318 ms - 12[39m
[35m[HTTP][39m [90m[39m
[35m[HTTP][39m [37m-->[39m [37mPOST[39m [37m/wd/hub/session/2c45f6c7-df52-4198-be88-7ebc07a0bf16/elements[39m
[35m[HTTP][39m [90m{"using":"xpath","value":"//*[@class = 'android.widget.TextView' and (@text = 'Armilite Torch and Emergency Light' or . = 'Armilite Torch and Emergency Light')]"}[39m
[35m[HTTP][39m [37m<-- POST /wd/hub/session/2c45f6c7-df52-4198-be88-7ebc07a0bf16/elements [39m[32m200[39m [90m310 ms - 12[39m
[35m[HTTP][39m [90m[39m
[35m[HTTP][39m [37m-->[39m [37mPOST[39m [37m/wd/hub/session/2c45f6c7-df52-4198-be88-7ebc07a0bf16/elements[39m
[35m[HTTP][39m [90m{"using":"xpath","value":"//*[@class = 'android.widget.TextView' and (@text = 'Armilite Torch and Emergency Light' or . = 'Armilite Torch and Emergency Light')]"}[39m
[35m[HTTP][39m [37m<-- POST /wd/hub/session/2c45f6c7-df52-4198-be88-7ebc07a0bf16/elements [39m[32m200[39m [90m309 ms - 12[39m
[35m[HTTP][39m [90m[39m
[35m[HTTP][39m [37m-->[39m [37mPOST[39m [37m/wd/hub/session/2c45f6c7-df52-4198-be88-7ebc07a0bf16/elements[39m
[35m[HTTP][39m [90m{"using":"xpath","value":"//*[@class = 'android.widget.TextView' and (@text = 'Armilite Torch and Emergency Light' or . = 'Armilite Torch and Emergency Light')]"}[39m
[35m[HTTP][39m [37m<-- POST /wd/hub/session/2c45f6c7-df52-4198-be88-7ebc07a0bf16/elements [39m[32m200[39m [90m305 ms - 12[39m
[35m[HTTP][39m [90m[39m
[35m[HTTP][39m [37m-->[39m [37mPOST[39m [37m/wd/hub/session/2c45f6c7-df52-4198-be88-7ebc07a0bf16/elements[39m
[35m[HTTP][39m [90m{"using":"xpath","value":"//*[@class = 'android.widget.TextView' and (@text = 'Armilite Torch and Emergency Light' or . = 'Armilite Torch and Emergency Light')]"}[39m
[35m[HTTP][39m [37m<-- POST /wd/hub/session/2c45f6c7-df52-4198-be88-7ebc07a0bf16/elements [39m[32m200[39m [90m284 ms - 12[39m
[35m[HTTP][39m [90m[39m
[35m[HTTP][39m [37m-->[39m [37mPOST[39m [37m/wd/hub/session/2c45f6c7-df52-4198-be88-7ebc07a0bf16/elements[39m
[35m[HTTP][39m [90m{"using":"xpath","value":"//*[@class = 'android.widget.TextView' and (@text = 'Armilite Torch and Emergency Light' or . = 'Armilite Torch and Emergency Light')]"}[39m
[35m[HTTP][39m [37m<-- POST /wd/hub/session/2c45f6c7-df52-4198-be88-7ebc07a0bf16/elements [39m[32m200[39m [90m617 ms - 12[39m
[35m[HTTP][39m [90m[39m
[35m[HTTP][39m [37m-->[39m [37mPOST[39m [37m/wd/hub/session/2c45f6c7-df52-4198-be88-7ebc07a0bf16/elements[39m
[35m[HTTP][39m [90m{"using":"xpath","value":"//*[@class = 'android.widget.TextView' and (@text = 'Armilite Torch and Emergency Light' or . = 'Armilite Torch and Emergency Light')]"}[39m
[35m[HTTP][39m [37m<-- POST /wd/hub/session/2c45f6c7-df52-4198-be88-7ebc07a0bf16/elements [39m[32m200[39m [90m282 ms - 12[39m
[35m[HTTP][39m [90m[39m
[35m[HTTP][39m [37m-->[39m [37mPOST[39m [37m/wd/hub/session/2c45f6c7-df52-4198-be88-7ebc07a0bf16/elements[39m
[35m[HTTP][39m [90m{"using":"xpath","value":"//*[@class = 'android.widget.TextView' and (@text = 'Armilite Torch and Emergency Light' or . = 'Armilite Torch and Emergency Light')]"}[39m
[35m[HTTP][39m [37m<-- POST /wd/hub/session/2c45f6c7-df52-4198-be88-7ebc07a0bf16/elements [39m[32m200[39m [90m307 ms - 12[39m
[35m[HTTP][39m [90m[39m
[35m[HTTP][39m [37m-->[39m [37mPOST[39m [37m/wd/hub/session/2c45f6c7-df52-4198-be88-7ebc07a0bf16/elements[39m
[35m[HTTP][39m [90m{"using":"xpath","value":"//*[@class = 'android.widget.TextView' and (@text = 'Armilite Torch and Emergency Light' or . = 'Armilite Torch and Emergency Light')]"}[39m
[35m[HTTP][39m [37m<-- POST /wd/hub/session/2c45f6c7-df52-4198-be88-7ebc07a0bf16/elements [39m[32m200[39m [90m273 ms - 12[39m
[35m[HTTP][39m [90m[39m
[35m[HTTP][39m [37m-->[39m [37mPOST[39m [37m/wd/hub/session/2c45f6c7-df52-4198-be88-7ebc07a0bf16/elements[39m
[35m[HTTP][39m [90m{"using":"xpath","value":"//*[@class = 'android.widget.TextView' and (@text = 'Armilite Torch and Emergency Light' or . = 'Armilite Torch and Emergency Light')]"}[39m
[35m[HTTP][39m [37m<-- POST /wd/hub/session/2c45f6c7-df52-4198-be88-7ebc07a0bf16/elements [39m[32m200[39m [90m301 ms - 12[39m
[35m[HTTP][39m [90m[39m
[35m[HTTP][39m [37m-->[39m [37mPOST[39m [37m/wd/hub/session/2c45f6c7-df52-4198-be88-7ebc07a0bf16/elements[39m
[35m[HTTP][39m [90m{"using":"xpath","value":"//*[@class = 'android.widget.TextView' and (@text = 'Armilite Torch and Emergency Light' or . = 'Armilite Torch and Emergency Light')]"}[39m
[35m[HTTP][39m [37m<-- POST /wd/hub/session/2c45f6c7-df52-4198-be88-7ebc07a0bf16/elements [39m[32m200[39m [90m298 ms - 12[39m
[35m[HTTP][39m [90m[39m
[35m[HTTP][39m [37m-->[39m [37mPOST[39m [37m/wd/hub/session/2c45f6c7-df52-4198-be88-7ebc07a0bf16/elements[39m
[35m[HTTP][39m [90m{"using":"xpath","value":"//*[@class = 'android.widget.TextView' and (@text = 'Armilite Torch and Emergency Light' or . = 'Armilite Torch and Emergency Light')]"}[39m
[35m[HTTP][39m [37m<-- POST /wd/hub/session/2c45f6c7-df52-4198-be88-7ebc07a0bf16/elements [39m[32m200[39m [90m313 ms - 12[39m
[35m[HTTP][39m [90m[39m
[35m[HTTP][39m [37m-->[39m [37mPOST[39m [37m/wd/hub/session/2c45f6c7-df52-4198-be88-7ebc07a0bf16/elements[39m
[35m[HTTP][39m [90m{"using":"xpath","value":"//*[@class = 'android.widget.TextView' and (@text = 'Armilite Torch and Emergency Light' or . = 'Armilite Torch and Emergency Light')]"}[39m
[35m[HTTP][39m [37m<-- POST /wd/hub/session/2c45f6c7-df52-4198-be88-7ebc07a0bf16/elements [39m[32m200[39m [90m281 ms - 12[39m
[35m[HTTP][39m [90m[39m
[35m[HTTP][39m [37m-->[39m [37mPOST[39m [37m/wd/hub/session/2c45f6c7-df52-4198-be88-7ebc07a0bf16/elements[39m
[35m[HTTP][39m [90m{"using":"xpath","value":"//*[@class = 'android.widget.TextView' and (@text = 'Armilite Torch and Emergency Light' or . = 'Armilite Torch and Emergency Light')]"}[39m
[35m[HTTP][39m [37m<-- POST /wd/hub/session/2c45f6c7-df52-4198-be88-7ebc07a0bf16/elements [39m[32m200[39m [90m301 ms - 12[39m
[35m[HTTP][39m [90m[39m
[35m[HTTP][39m [37m-->[39m [37mPOST[39m [37m/wd/hub/session/2c45f6c7-df52-4198-be88-7ebc07a0bf16/elements[39m
[35m[HTTP][39m [90m{"using":"xpath","value":"//*[@class = 'android.widget.TextView' and (@text = 'Armilite Torch and Emergency Light' or . = 'Armilite Torch and Emergency Light')]"}[39m
[35m[HTTP][39m [37m<-- POST /wd/hub/session/2c45f6c7-df52-4198-be88-7ebc07a0bf16/elements [39m[32m200[39m [90m312 ms - 12[39m
[35m[HTTP][39m [90m[39m
[35m[HTTP][39m [37m-->[39m [37mPOST[39m [37m/wd/hub/session/2c45f6c7-df52-4198-be88-7ebc07a0bf16/elements[39m
[35m[HTTP][39m [90m{"using":"xpath","value":"//*[@class = 'android.widget.TextView' and (@text = 'Armilite Torch and Emergency Light' or . = 'Armilite Torch and Emergency Light')]"}[39m
[35m[HTTP][39m [37m<-- POST /wd/hub/session/2c45f6c7-df52-4198-be88-7ebc07a0bf16/elements [39m[32m200[39m [90m330 ms - 12[39m
[35m[HTTP][39m [90m[39m
[35m[HTTP][39m [37m-->[39m [37mPOST[39m [37m/wd/hub/session/2c45f6c7-df52-4198-be88-7ebc07a0bf16/elements[39m
[35m[HTTP][39m [90m{"using":"xpath","value":"//*[@class = 'android.widget.TextView' and (@text = 'Armilite Torch and Emergency Light' or . = 'Armilite Torch and Emergency Light')]"}[39m
[35m[HTTP][39m [37m<-- POST /wd/hub/session/2c45f6c7-df52-4198-be88-7ebc07a0bf16/elements [39m[32m200[39m [90m282 ms - 12[39m
[35m[HTTP][39m [90m[39m
[35m[HTTP][39m [37m-->[39m [37mPOST[39m [37m/wd/hub/session/2c45f6c7-df52-4198-be88-7ebc07a0bf16/elements[39m
[35m[HTTP][39m [90m{"using":"xpath","value":"//*[@class = 'android.widget.TextView' and (@text = 'Armilite Torch and Emergency Light' or . = 'Armilite Torch and Emergency Light')]"}[39m
[35m[HTTP][39m [37m<-- POST /wd/hub/session/2c45f6c7-df52-4198-be88-7ebc07a0bf16/elements [39m[32m200[39m [90m292 ms - 12[39m
[35m[HTTP][39m [90m[39m
[35m[HTTP][39m [37m-->[39m [37mPOST[39m [37m/wd/hub/session/2c45f6c7-df52-4198-be88-7ebc07a0bf16/elements[39m
[35m[HTTP][39m [90m{"using":"xpath","value":"//*[@class = 'android.widget.TextView' and (@text = 'Armilite Torch and Emergency Light' or . = 'Armilite Torch and Emergency Light')]"}[39m
[35m[HTTP][39m [37m<-- POST /wd/hub/session/2c45f6c7-df52-4198-be88-7ebc07a0bf16/elements [39m[32m200[39m [90m270 ms - 12[39m
[35m[HTTP][39m [90m[39m
[35m[HTTP][39m [37m-->[39m [37mPOST[39m [37m/wd/hub/session/2c45f6c7-df52-4198-be88-7ebc07a0bf16/elements[39m
[35m[HTTP][39m [90m{"using":"xpath","value":"//*[@class = 'android.widget.TextView' and (@text = 'Armilite Torch and Emergency Light' or . = 'Armilite Torch and Emergency Light')]"}[39m
[35m[HTTP][39m [37m<-- POST /wd/hub/session/2c45f6c7-df52-4198-be88-7ebc07a0bf16/elements [39m[32m200[39m [90m298 ms - 12[39m
[35m[HTTP][39m [90m[39m
[35m[HTTP][39m [37m-->[39m [37mPOST[39m [37m/wd/hub/session/2c45f6c7-df52-4198-be88-7ebc07a0bf16/elements[39m
[35m[HTTP][39m [90m{"using":"xpath","value":"//*[@class = 'android.widget.TextView' and (@text = 'Armilite Torch and Emergency Light' or . = 'Armilite Torch and Emergency Light')]"}[39m
[35m[HTTP][39m [37m<-- POST /wd/hub/session/2c45f6c7-df52-4198-be88-7ebc07a0bf16/elements [39m[32m200[39m [90m299 ms - 12[39m
[35m[HTTP][39m [90m[39m
[35m[HTTP][39m [37m-->[39m [37mPOST[39m [37m/wd/hub/session/2c45f6c7-df52-4198-be88-7ebc07a0bf16/elements[39m
[35m[HTTP][39m [90m{"using":"xpath","value":"//*[@class = 'android.widget.TextView' and (@text = 'Armilite Torch and Emergency Light' or . = 'Armilite Torch and Emergency Light')]"}[39m
[35m[HTTP][39m [37m<-- POST /wd/hub/session/2c45f6c7-df52-4198-be88-7ebc07a0bf16/elements [39m[32m200[39m [90m325 ms - 12[39m
[35m[HTTP][39m [90m[39m
[35m[HTTP][39m [37m-->[39m [37mPOST[39m [37m/wd/hub/session/2c45f6c7-df52-4198-be88-7ebc07a0bf16/elements[39m
[35m[HTTP][39m [90m{"using":"xpath","value":"//*[@class = 'android.widget.TextView' and (@text = 'Armilite Torch and Emergency Light' or . = 'Armilite Torch and Emergency Light')]"}[39m
[35m[HTTP][39m [37m<-- POST /wd/hub/session/2c45f6c7-df52-4198-be88-7ebc07a0bf16/elements [39m[32m200[39m [90m297 ms - 12[39m
[35m[HTTP][39m [90m[39m
[35m[HTTP][39m [37m-->[39m [37mPOST[39m [37m/wd/hub/session/2c45f6c7-df52-4198-be88-7ebc07a0bf16/elements[39m
[35m[HTTP][39m [90m{"using":"xpath","value":"//*[@class = 'android.widget.TextView' and (@text = 'Armilite Torch and Emergency Light' or . = 'Armilite Torch and Emergency Light')]"}[39m
[35m[HTTP][39m [37m<-- POST /wd/hub/session/2c45f6c7-df52-4198-be88-7ebc07a0bf16/elements [39m[32m200[39m [90m285 ms - 12[39m
[35m[HTTP][39m [90m[39m
[35m[HTTP][39m [37m-->[39m [37mPOST[39m [37m/wd/hub/session/2c45f6c7-df52-4198-be88-7ebc07a0bf16/elements[39m
[35m[HTTP][39m [90m{"using":"xpath","value":"//*[@class = 'android.widget.TextView' and (@text = 'Armilite Torch and Emergency Light' or . = 'Armilite Torch and Emergency Light')]"}[39m
[35m[HTTP][39m [37m<-- POST /wd/hub/session/2c45f6c7-df52-4198-be88-7ebc07a0bf16/elements [39m[32m200[39m [90m312 ms - 12[39m
[35m[HTTP][39m [90m[39m
[35m[HTTP][39m [37m-->[39m [37mPOST[39m [37m/wd/hub/session/2c45f6c7-df52-4198-be88-7ebc07a0bf16/elements[39m
[35m[HTTP][39m [90m{"using":"xpath","value":"//*[@class = 'android.widget.TextView' and (@text = 'Armilite Torch and Emergency Light' or . = 'Armilite Torch and Emergency Light')]"}[39m
[35m[HTTP][39m [37m<-- POST /wd/hub/session/2c45f6c7-df52-4198-be88-7ebc07a0bf16/elements [39m[32m200[39m [90m305 ms - 12[39m
[35m[HTTP][39m [90m[39m
[35m[HTTP][39m [37m-->[39m [37mPOST[39m [37m/wd/hub/session/2c45f6c7-df52-4198-be88-7ebc07a0bf16/elements[39m
[35m[HTTP][39m [90m{"using":"xpath","value":"//*[@class = 'android.widget.TextView' and (@text = 'Armilite Torch and Emergency Light' or . = 'Armilite Torch and Emergency Light')]"}[39m
[35m[HTTP][39m [37m<-- POST /wd/hub/session/2c45f6c7-df52-4198-be88-7ebc07a0bf16/elements [39m[32m200[39m [90m275 ms - 12[39m
[35m[HTTP][39m [90m[39m
[35m[HTTP][39m [37m-->[39m [37mPOST[39m [37m/wd/hub/session/2c45f6c7-df52-4198-be88-7ebc07a0bf16/elements[39m
[35m[HTTP][39m [90m{"using":"xpath","value":"//*[@class = 'android.widget.TextView' and (@text = 'Armilite Torch and Emergency Light' or . = 'Armilite Torch and Emergency Light')]"}[39m
[35m[HTTP][39m [37m<-- POST /wd/hub/session/2c45f6c7-df52-4198-be88-7ebc07a0bf16/elements [39m[32m200[39m [90m301 ms - 12[39m
[35m[HTTP][39m [90m[39m
[35m[HTTP][39m [37m-->[39m [37mPOST[39m [37m/wd/hub/session/2c45f6c7-df52-4198-be88-7ebc07a0bf16/elements[39m
[35m[HTTP][39m [90m{"using":"xpath","value":"//*[@class = 'android.widget.TextView' and (@text = 'Armilite Torch and Emergency Light' or . = 'Armilite Torch and Emergency Light')]"}[39m
[35m[HTTP][39m [37m<-- POST /wd/hub/session/2c45f6c7-df52-4198-be88-7ebc07a0bf16/elements [39m[32m200[39m [90m284 ms - 12[39m
[35m[HTTP][39m [90m[39m
[35m[HTTP][39m [37m-->[39m [37mPOST[39m [37m/wd/hub/session/2c45f6c7-df52-4198-be88-7ebc07a0bf16/elements[39m
[35m[HTTP][39m [90m{"using":"xpath","value":"//*[@class = 'android.widget.TextView' and (@text = 'Armilite Torch and Emergency Light' or . = 'Armilite Torch and Emergency Light')]"}[39m
[35m[HTTP][39m [37m<-- POST /wd/hub/session/2c45f6c7-df52-4198-be88-7ebc07a0bf16/elements [39m[32m200[39m [90m312 ms - 12[39m
[35m[HTTP][39m [90m[39m
[35m[HTTP][39m [37m-->[39m [37mPOST[39m [37m/wd/hub/session/2c45f6c7-df52-4198-be88-7ebc07a0bf16/elements[39m
[35m[HTTP][39m [90m{"using":"xpath","value":"//*[@class = 'android.widget.TextView' and (@text = 'Armilite Torch and Emergency Light' or . = 'Armilite Torch and Emergency Light')]"}[39m
[35m[HTTP][39m [37m<-- POST /wd/hub/session/2c45f6c7-df52-4198-be88-7ebc07a0bf16/elements [39m[32m200[39m [90m288 ms - 12[39m
[35m[HTTP][39m [90m[39m
[35m[HTTP][39m [37m-->[39m [37mPOST[39m [37m/wd/hub/session/2c45f6c7-df52-4198-be88-7ebc07a0bf16/elements[39m
[35m[HTTP][39m [90m{"using":"xpath","value":"//*[@class = 'android.widget.TextView' and (@text = 'Armilite Torch and Emergency Light' or . = 'Armilite Torch and Emergency Light')]"}[39m
[35m[HTTP][39m [37m<-- POST /wd/hub/session/2c45f6c7-df52-4198-be88-7ebc07a0bf16/elements [39m[32m200[39m [90m277 ms - 12[39m
[35m[HTTP][39m [90m[39m
[35m[HTTP][39m [37m-->[39m [37mPOST[39m [37m/wd/hub/session/2c45f6c7-df52-4198-be88-7ebc07a0bf16/elements[39m
[35m[HTTP][39m [90m{"using":"xpath","value":"//*[@class = 'android.widget.TextView' and (@text = 'Armilite Torch and Emergency Light' or . = 'Armilite Torch and Emergency Light')]"}[39m
[35m[HTTP][39m [37m<-- POST /wd/hub/session/2c45f6c7-df52-4198-be88-7ebc07a0bf16/elements [39m[32m200[39m [90m273 ms - 12[39m
[35m[HTTP][39m [90m[39m
[35m[HTTP][39m [37m-->[39m [37mPOST[39m [37m/wd/hub/session/2c45f6c7-df52-4198-be88-7ebc07a0bf16/elements[39m
[35m[HTTP][39m [90m{"using":"xpath","value":"//*[@class = 'android.widget.TextView' and (@text = 'Armilite Torch and Emergency Light' or . = 'Armilite Torch and Emergency Light')]"}[39m
[35m[HTTP][39m [37m<-- POST /wd/hub/session/2c45f6c7-df52-4198-be88-7ebc07a0bf16/elements [39m[32m200[39m [90m282 ms - 12[39m
[35m[HTTP][39m [90m[39m
[35m[HTTP][39m [37m-->[39m [37mPOST[39m [37m/wd/hub/session/2c45f6c7-df52-4198-be88-7ebc07a0bf16/elements[39m
[35m[HTTP][39m [90m{"using":"xpath","value":"//*[@class = 'android.widget.TextView' and (@text = 'Armilite Torch and Emergency Light' or . = 'Armilite Torch and Emergency Light')]"}[39m
[35m[HTTP][39m [37m<-- POST /wd/hub/session/2c45f6c7-df52-4198-be88-7ebc07a0bf16/elements [39m[32m200[39m [90m297 ms - 12[39m
[35m[HTTP][39m [90m[39m
[35m[HTTP][39m [37m-->[39m [37mPOST[39m [37m/wd/hub/session/2c45f6c7-df52-4198-be88-7ebc07a0bf16/elements[39m
[35m[HTTP][39m [90m{"using":"xpath","value":"//*[@class = 'android.widget.TextView' and (@text = 'Armilite Torch and Emergency Light' or . = 'Armilite Torch and Emergency Light')]"}[39m
[35m[HTTP][39m [37m<-- POST /wd/hub/session/2c45f6c7-df52-4198-be88-7ebc07a0bf16/elements [39m[32m-[39m [90m- ms - -[39m
[35m[HTTP][39m [90m[39m
